[    0.000000] Initializing cgroup subsys cpuset
[    0.000000] Initializing cgroup subsys cpu
[    0.000000] Initializing cgroup subsys cpuacct
[    0.000000] Linux version 4.4.0-210-generic (buildd@lgw01-amd64-009) (gcc version 5.4.0 20160609 (Ubuntu 5.4.0-6ubuntu1~16.04.12) ) #242-Ubuntu SMP Fri Apr 16 09:57:56 UTC 2021 (Ubuntu 4.4.0-210.242-generic 4.4.262)
[    0.000000] Command line: BOOT_IMAGE=/boot/vmlinuz-4.4.0-210-generic root=LABEL=cloudimg-rootfs ro console=tty1 console=ttyS0
[    0.000000] KERNEL supported cpus:
[    0.000000]   Intel GenuineIntel
[    0.000000]   AMD AuthenticAMD
[    0.000000]   Centaur CentaurHauls
[    0.000000] x86/fpu: xstate_offset[2]:  576, xstate_sizes[2]:  256
[    0.000000] x86/fpu: Supporting XSAVE feature 0x01: 'x87 floating point registers'
[    0.000000] x86/fpu: Supporting XSAVE feature 0x02: 'SSE registers'
[    0.000000] x86/fpu: Supporting XSAVE feature 0x04: 'AVX registers'
[    0.000000] x86/fpu: Enabled xstate features 0x7, context size is 832 bytes, using 'standard' format.
[    0.000000] e820: BIOS-provided physical RAM map:
[    0.000000] BIOS-e820: [mem 0x0000000000000000-0x000000000009fbff] usable
[    0.000000] BIOS-e820: [mem 0x000000000009fc00-0x000000000009ffff] reserved
[    0.000000] BIOS-e820: [mem 0x00000000000f0000-0x00000000000fffff] reserved
[    0.000000] BIOS-e820: [mem 0x0000000000100000-0x000000007ffeffff] usable
[    0.000000] BIOS-e820: [mem 0x000000007fff0000-0x000000007fffffff] ACPI data
[    0.000000] BIOS-e820: [mem 0x00000000fec00000-0x00000000fec00fff] reserved
[    0.000000] BIOS-e820: [mem 0x00000000fee00000-0x00000000fee00fff] reserved
[    0.000000] BIOS-e820: [mem 0x00000000fffc0000-0x00000000ffffffff] reserved
[    0.000000] NX (Execute Disable) protection: active
[    0.000000] SMBIOS 2.5 present.
[    0.000000] Hypervisor detected: KVM
[    0.000000] e820: last_pfn = 0x7fff0 max_arch_pfn = 0x400000000
[    0.000000] MTRR: Disabled
[    0.000000] x86/PAT: MTRRs disabled, skipping PAT initialization too.
[    0.000000] CPU MTRRs all blank - virtualized system.
[    0.000000] x86/PAT: Configuration [0-7]: WB  WT  UC- UC  WB  WT  UC- UC  
[    0.000000] found SMP MP-table at [mem 0x0009fff0-0x0009ffff] mapped at [ffff88000009fff0]
[    0.000000] Scanning 1 areas for low memory corruption
[    0.000000] RAMDISK: [mem 0x362dc000-0x37165fff]
[    0.000000] ACPI: Early table checksum verification disabled
[    0.000000] ACPI: RSDP 0x00000000000E0000 000024 (v02 VBOX  )
[    0.000000] ACPI: XSDT 0x000000007FFF0030 00003C (v01 VBOX   VBOXXSDT 00000001 ASL  00000061)
[    0.000000] ACPI: FACP 0x000000007FFF00F0 0000F4 (v04 VBOX   VBOXFACP 00000001 ASL  00000061)
[    0.000000] ACPI: DSDT 0x000000007FFF0470 002325 (v02 VBOX   VBOXBIOS 00000002 INTL 20120111)
[    0.000000] ACPI: FACS 0x000000007FFF0200 000040
[    0.000000] ACPI: FACS 0x000000007FFF0200 000040
[    0.000000] ACPI: APIC 0x000000007FFF0240 00005C (v02 VBOX   VBOXAPIC 00000001 ASL  00000061)
[    0.000000] ACPI: SSDT 0x000000007FFF02A0 0001CC (v01 VBOX   VBOXCPUT 00000002 INTL 20120111)
[    0.000000] No NUMA configuration found
[    0.000000] Faking a node at [mem 0x0000000000000000-0x000000007ffeffff]
[    0.000000] NODE_DATA(0) allocated [mem 0x7ffeb000-0x7ffeffff]
[    0.000000] kvm-clock: Using msrs 4b564d01 and 4b564d00
[    0.000000] kvm-clock: cpu 0, msr 0:7ffe3001, primary cpu clock
[    0.000000] kvm-clock: using sched offset of 3462828919 cycles
[    0.000000] clocksource: kvm-clock: mask: 0xffffffffffffffff max_cycles: 0x1cd42e4dffb, max_idle_ns: 881590591483 ns
[    0.000000] Zone ranges:
[    0.000000]   DMA      [mem 0x0000000000001000-0x0000000000ffffff]
[    0.000000]   DMA32    [mem 0x0000000001000000-0x000000007ffeffff]
[    0.000000]   Normal   empty
[    0.000000]   Device   empty
[    0.000000] Movable zone start for each node
[    0.000000] Early memory node ranges
[    0.000000]   node   0: [mem 0x0000000000001000-0x000000000009efff]
[    0.000000]   node   0: [mem 0x0000000000100000-0x000000007ffeffff]
[    0.000000] Initmem setup node 0 [mem 0x0000000000001000-0x000000007ffeffff]
[    0.000000] ACPI: PM-Timer IO Port: 0x4008
[    0.000000] IOAPIC[0]: apic_id 2, version 32, address 0xfec00000, GSI 0-23
[    0.000000] ACPI: INT_SRC_OVR (bus 0 bus_irq 0 global_irq 2 dfl dfl)
[    0.000000] ACPI: INT_SRC_OVR (bus 0 bus_irq 9 global_irq 9 low level)
[    0.000000] Using ACPI (MADT) for SMP configuration information
[    0.000000] smpboot: Allowing 2 CPUs, 0 hotplug CPUs
[    0.000000] PM: Registered nosave memory: [mem 0x00000000-0x00000fff]
[    0.000000] PM: Registered nosave memory: [mem 0x0009f000-0x0009ffff]
[    0.000000] PM: Registered nosave memory: [mem 0x000a0000-0x000effff]
[    0.000000] PM: Registered nosave memory: [mem 0x000f0000-0x000fffff]
[    0.000000] e820: [mem 0x80000000-0xfebfffff] available for PCI devices
[    0.000000] Booting paravirtualized kernel on KVM
[    0.000000] clocksource: refined-jiffies: mask: 0xffffffff max_cycles: 0xffffffff, max_idle_ns: 7645519600211568 ns
[    0.000000] setup_percpu: NR_CPUS:512 nr_cpumask_bits:512 nr_cpu_ids:2 nr_node_ids:1
[    0.000000] PERCPU: Embedded 33 pages/cpu @ffff88007fc00000 s95192 r8192 d31784 u1048576
[    0.000000] Built 1 zonelists in Node order, mobility grouping on.  Total pages: 515960
[    0.000000] Policy zone: DMA32
[    0.000000] Kernel command line: BOOT_IMAGE=/boot/vmlinuz-4.4.0-210-generic root=LABEL=cloudimg-rootfs ro console=tty1 console=ttyS0
[    0.000000] PID hash table entries: 4096 (order: 3, 32768 bytes)
[    0.000000] Memory: 2029984K/2096696K available (8644K kernel code, 1332K rwdata, 4044K rodata, 1492K init, 1164K bss, 66712K reserved, 0K cma-reserved)
[    0.000000] SLUB: HWalign=64, Order=0-3, MinObjects=0, CPUs=2, Nodes=1
[    0.000000] Kernel/User page tables isolation: enabled
[    0.000000] Hierarchical RCU implementation.
[    0.000000] 	Build-time adjustment of leaf fanout to 64.
[    0.000000] 	RCU restricting CPUs from NR_CPUS=512 to nr_cpu_ids=2.
[    0.000000] RCU: Adjusting geometry for rcu_fanout_leaf=64, nr_cpu_ids=2
[    0.000000] NR_IRQS:33024 nr_irqs:440 16
[    0.000000] Console: colour VGA+ 80x25
[    0.000000] console [tty1] enabled
[    0.000000] console [ttyS0] enabled
[    0.000000] tsc: Detected 2793.532 MHz processor
[    0.162230] Calibrating delay loop (skipped) preset value.. 5587.06 BogoMIPS (lpj=11174128)
[    0.164464] pid_max: default: 32768 minimum: 301
[    0.165479] ACPI: Core revision 20150930
[    0.166991] ACPI: 2 ACPI AML tables successfully acquired and loaded
[    0.168418] Security Framework initialized
[    0.169375] Yama: becoming mindful.
[    0.171531] AppArmor: AppArmor initialized
[    0.173768] Dentry cache hash table entries: 262144 (order: 9, 2097152 bytes)
[    0.175509] Inode-cache hash table entries: 131072 (order: 8, 1048576 bytes)
[    0.177923] Mount-cache hash table entries: 4096 (order: 3, 32768 bytes)
[    0.179288] Mountpoint-cache hash table entries: 4096 (order: 3, 32768 bytes)
[    0.180931] Initializing cgroup subsys io
[    0.181858] Initializing cgroup subsys memory
[    0.182897] Initializing cgroup subsys devices
[    0.183874] Initializing cgroup subsys freezer
[    0.185120] Initializing cgroup subsys net_cls
[    0.186270] Initializing cgroup subsys perf_event
[    0.187556] Initializing cgroup subsys net_prio
[    0.188546] Initializing cgroup subsys hugetlb
[    0.189721] Initializing cgroup subsys pids
[    0.197039] mce: CPU supports 0 MCE banks
[    0.198768] Last level iTLB entries: 4KB 1024, 2MB 1024, 4MB 1024
[    0.200034] Last level dTLB entries: 4KB 1024, 2MB 1024, 4MB 1024, 1GB 4
[    0.201403] Spectre V1 : Mitigation: usercopy/swapgs barriers and __user pointer sanitization
[    0.203217] Spectre V2 : Mitigation: Full generic retpoline
[    0.204533] Spectre V2 : Spectre v2 / SpectreRSB mitigation: Filling RSB on context switch
[    0.206475] Speculative Store Bypass: Vulnerable
[    0.207546] SRBDS: Unknown: Dependent on hypervisor status
[    0.209260] MDS: Mitigation: Clear CPU buffers
[    0.213061] Freeing SMP alternatives memory: 36K
[    0.219256] ftrace: allocating 32380 entries in 127 pages
[    0.270102] smpboot: APIC(0) Converting physical 0 to logical package 0
[    0.271983] smpboot: Max logical packages: 1
[    0.273440] x2apic enabled
[    0.274843] Switched APIC routing to physical x2apic.
[    0.277283] ..TIMER: vector=0x30 apic1=0 pin1=2 apic2=-1 pin2=-1
[    0.387129] smpboot: CPU0: Intel(R) Core(TM) i7-4980HQ CPU @ 2.80GHz (family: 0x6, model: 0x46, stepping: 0x1)
[    0.389836] Performance Events: unsupported p6 CPU model 70 no PMU driver, software events only.
[    0.399345] KVM setup paravirtual spinlock
[    0.402081] x86: Booting SMP configuration:
[    0.403236] .... node  #0, CPUs:      #1
[    0.404658] kvm-clock: cpu 1, msr 0:7ffe3041, secondary cpu clock
[    0.412973] mce: CPU supports 0 MCE banks
[    0.416407] x86: Booted up 1 node, 2 CPUs
[    0.417719] smpboot: Total of 2 processors activated (11174.12 BogoMIPS)
[    0.420970] devtmpfs: initialized
[    0.422952] evm: security.selinux
[    0.424203] evm: security.SMACK64
[    0.425342] evm: security.SMACK64EXEC
[    0.426447] evm: security.SMACK64TRANSMUTE
[    0.427508] evm: security.SMACK64MMAP
[    0.428686] evm: security.ima
[    0.429707] evm: security.capability
[    0.431072] clocksource: jiffies: mask: 0xffffffff max_cycles: 0xffffffff, max_idle_ns: 7645041785100000 ns
[    0.434111] futex hash table entries: 512 (order: 3, 32768 bytes)
[    0.435877] pinctrl core: initialized pinctrl subsystem
[    0.437902] RTC time: 13:45:12, date: 03/11/22
[    0.439210] NET: Registered protocol family 16
[    0.452468] cpuidle: using governor ladder
[    0.463736] cpuidle: using governor menu
[    0.465066] PCCT header not found.
[    0.466083] ACPI: bus type PCI registered
[    0.467051] acpiphp: ACPI Hot Plug PCI Controller Driver version: 0.5
[    0.469551] PCI: Using configuration type 1 for base access
[    0.481428] ACPI: Added _OSI(Module Device)
[    0.482890] ACPI: Added _OSI(Processor Device)
[    0.483972] ACPI: Added _OSI(3.0 _SCP Extensions)
[    0.485424] ACPI: Added _OSI(Processor Aggregator Device)
[    0.488731] ACPI: Executed 1 blocks of module-level executable AML code
[    0.492899] ACPI: Interpreter enabled
[    0.494206] ACPI: (supports S0 S5)
[    0.495053] ACPI: Using IOAPIC for interrupt routing
[    0.496371] PCI: Using host bridge windows from ACPI; if necessary, use "pci=nocrs" and report a bug
[    0.502758] ACPI: PCI Root Bridge [PCI0] (domain 0000 [bus 00-ff])
[    0.505223] acpi PNP0A03:00: _OSC: OS supports [ASPM ClockPM Segments MSI]
[    0.507141] acpi PNP0A03:00: _OSC: not requesting OS control; OS requires [ExtendedConfig ASPM ClockPM MSI]
[    0.509618] acpi PNP0A03:00: fail to add MMCONFIG information, can't access extended PCI configuration space under this bridge.
[    0.512935] PCI host bridge to bus 0000:00
[    0.513906] pci_bus 0000:00: root bus resource [io  0x0000-0x0cf7 window]
[    0.515319] pci_bus 0000:00: root bus resource [io  0x0d00-0xffff window]
[    0.516851] pci_bus 0000:00: root bus resource [mem 0x000a0000-0x000bffff window]
[    0.519353] pci_bus 0000:00: root bus resource [mem 0x80000000-0xfdffffff window]
[    0.521575] pci_bus 0000:00: root bus resource [bus 00-ff]
[    0.525341] pci 0000:00:01.1: legacy IDE quirk: reg 0x10: [io  0x01f0-0x01f7]
[    0.527210] pci 0000:00:01.1: legacy IDE quirk: reg 0x14: [io  0x03f6]
[    0.528922] pci 0000:00:01.1: legacy IDE quirk: reg 0x18: [io  0x0170-0x0177]
[    0.539220] pci 0000:00:01.1: legacy IDE quirk: reg 0x1c: [io  0x0376]
[    0.559131] pci 0000:00:07.0: quirk: [io  0x4000-0x403f] claimed by PIIX4 ACPI
[    0.560900] pci 0000:00:07.0: quirk: [io  0x4100-0x410f] claimed by PIIX4 SMB
[    0.574148] ACPI: PCI Interrupt Link [LNKA] (IRQs 5 9 10 *11)
[    0.576274] ACPI: PCI Interrupt Link [LNKB] (IRQs 5 9 *10 11)
[    0.578102] ACPI: PCI Interrupt Link [LNKC] (IRQs 5 *9 10 11)
[    0.580622] ACPI: PCI Interrupt Link [LNKD] (IRQs 5 9 10 *11)
[    0.582455] ACPI: Enabled 2 GPEs in block 00 to 07
[    0.583781] vgaarb: setting as boot device: PCI:0000:00:02.0
[    0.584941] vgaarb: device added: PCI:0000:00:02.0,decodes=io+mem,owns=io+mem,locks=none
[    0.587673] vgaarb: loaded
[    0.588422] vgaarb: bridge control possible 0000:00:02.0
[    0.590020] SCSI subsystem initialized
[    0.591489] ACPI: bus type USB registered
[    0.592554] usbcore: registered new interface driver usbfs
[    0.593895] usbcore: registered new interface driver hub
[    0.595310] usbcore: registered new device driver usb
[    0.596689] PCI: Using ACPI for IRQ routing
[    0.598013] NetLabel: Initializing
[    0.599313] NetLabel:  domain hash size = 128
[    0.600676] NetLabel:  protocols = UNLABELED CIPSOv4
[    0.602399] NetLabel:  unlabeled traffic allowed by default
[    0.604255] amd_nb: Cannot enumerate AMD northbridges
[    0.605923] clocksource: Switched to clocksource kvm-clock
[    0.613994] AppArmor: AppArmor Filesystem Enabled
[    0.615155] pnp: PnP ACPI init
[    0.617161] pnp: PnP ACPI: found 3 devices
[    0.627721] clocksource: acpi_pm: mask: 0xffffff max_cycles: 0xffffff, max_idle_ns: 2085701024 ns
[    0.630130] NET: Registered protocol family 2
[    0.631231] TCP established hash table entries: 16384 (order: 5, 131072 bytes)
[    0.633137] TCP bind hash table entries: 16384 (order: 6, 262144 bytes)
[    0.634877] TCP: Hash tables configured (established 16384 bind 16384)
[    0.636349] UDP hash table entries: 1024 (order: 3, 32768 bytes)
[    0.637850] UDP-Lite hash table entries: 1024 (order: 3, 32768 bytes)
[    0.639908] NET: Registered protocol family 1
[    0.641125] pci 0000:00:00.0: Limiting direct PCI/PCI transfers
[    0.642683] pci 0000:00:01.0: Activating ISA DMA hang workarounds
[    0.644057] Unpacking initramfs...
[    0.820369] Freeing initrd memory: 14888K
[    0.821847] clocksource: tsc: mask: 0xffffffffffffffff max_cycles: 0x284462ec54c, max_idle_ns: 440795344772 ns
[    0.824475] platform rtc_cmos: registered platform RTC device (no PNP device found)
[    0.826417] Scanning for low memory corruption every 60 seconds
[    0.827936] audit: initializing netlink subsys (disabled)
[    0.829484] audit: type=2000 audit(1647006318.061:1): initialized
[    0.831310] Initialise system trusted keyring
[    0.832488] HugeTLB registered 2 MB page size, pre-allocated 0 pages
[    0.834806] zbud: loaded
[    0.835677] VFS: Disk quotas dquot_6.6.0
[    0.836641] VFS: Dquot-cache hash table entries: 512 (order 0, 4096 bytes)
[    0.839121] squashfs: version 4.0 (2009/01/31) Phillip Lougher
[    0.840888] fuse init (API version 7.23)
[    0.842411] Key type big_key registered
[    0.843580] Allocating IMA MOK and blacklist keyrings.
[    0.845933] Key type asymmetric registered
[    0.846913] Asymmetric key parser 'x509' registered
[    0.848153] Block layer SCSI generic (bsg) driver version 0.4 loaded (major 249)
[    0.850077] io scheduler noop registered
[    0.851008] io scheduler deadline registered (default)
[    0.852241] io scheduler cfq registered
[    0.853607] pci_hotplug: PCI Hot Plug PCI Core version: 0.5
[    0.854957] pciehp: PCI Express Hot Plug Controller Driver version: 0.4
[    0.856666] ACPI: AC Adapter [AC] (on-line)
[    0.858095] input: Power Button as /devices/LNXSYSTM:00/LNXPWRBN:00/input/input0
[    0.859836] ACPI: Power Button [PWRF]
[    0.860815] input: Sleep Button as /devices/LNXSYSTM:00/LNXSLPBN:00/input/input1
[    0.863084] ACPI: Sleep Button [SLPF]
[    0.864435] GHES: HEST is not enabled!
[    0.865771] ACPI: Battery Slot [BAT0] (battery present)
[    0.867114] Serial: 8250/16550 driver, 32 ports, IRQ sharing enabled
[    0.889294] 00:02: ttyS0 at I/O 0x3f8 (irq = 4, base_baud = 115200) is a 16550A
[    0.892992] Linux agpgart interface v0.103
[    0.896378] loop: module loaded
[    0.897687] scsi host0: ata_piix
[    0.898758] scsi host1: ata_piix
[    0.899567] ata1: PATA max UDMA/33 cmd 0x1f0 ctl 0x3f6 bmdma 0xd000 irq 14
[    0.901188] ata2: PATA max UDMA/33 cmd 0x170 ctl 0x376 bmdma 0xd008 irq 15
[    0.903573] libphy: Fixed MDIO Bus: probed
[    0.904748] tun: Universal TUN/TAP device driver, 1.6
[    0.906600] tun: (C) 1999-2004 Max Krasnyansky <maxk@qualcomm.com>
[    0.908225] PPP generic driver version 2.4.2
[    0.909346] ehci_hcd: USB 2.0 'Enhanced' Host Controller (EHCI) Driver
[    0.910850] ehci-pci: EHCI PCI platform driver
[    0.911885] ehci-platform: EHCI generic platform driver
[    0.913002] ohci_hcd: USB 1.1 'Open' Host Controller (OHCI) Driver
[    0.914582] ohci-pci: OHCI PCI platform driver
[    0.915591] ohci-platform: OHCI generic platform driver
[    0.916698] uhci_hcd: USB Universal Host Controller Interface driver
[    0.918056] i8042: PNP: PS/2 Controller [PNP0303:PS2K,PNP0f03:PS2M] at 0x60,0x64 irq 1,12
[    0.921913] serio: i8042 KBD port at 0x60,0x64 irq 1
[    0.923229] serio: i8042 AUX port at 0x60,0x64 irq 12
[    0.925130] mousedev: PS/2 mouse device common for all mice
[    0.927156] input: AT Translated Set 2 keyboard as /devices/platform/i8042/serio0/input/input2
[    0.929669] rtc_cmos rtc_cmos: rtc core: registered rtc_cmos as rtc0
[    0.931313] rtc_cmos rtc_cmos: alarms up to one day, 114 bytes nvram
[    0.932963] i2c /dev entries driver
[    0.933812] device-mapper: uevent: version 1.0.3
[    0.935028] device-mapper: ioctl: 4.34.0-ioctl (2015-10-28) initialised: dm-devel@redhat.com
[    0.937773] ledtrig-cpu: registered to indicate activity on CPUs
[    0.939726] NET: Registered protocol family 10
[    0.941157] NET: Registered protocol family 17
[    0.942359] Key type dns_resolver registered
[    0.944505] registered taskstats version 1
[    0.945652] Loading compiled-in X.509 certificates
[    0.947352] Loaded X.509 cert 'Build time autogenerated kernel key: cf00e047681d67edb2720680708b7d9498083038'
[    0.949556] zswap: loaded using pool lzo/zbud
[    0.952322] Key type trusted registered
[    0.956001] Key type encrypted registered
[    0.957256] AppArmor: AppArmor sha1 policy hashing enabled
[    0.958527] ima: No TPM chip found, activating TPM-bypass!
[    0.960176] ima: Allocated hash algorithm: sha1
[    0.961330] evm: HMAC attrs: 0x1
[    0.962600]   Magic number: 14:421:786
[    0.963869] rtc_cmos rtc_cmos: setting system clock to 2022-03-11 13:45:13 UTC (1647006313)
[    0.966581] BIOS EDD facility v0.16 2004-Jun-25, 0 devices found
[    0.968048] EDD information not available.
[    1.081441] Freeing unused kernel memory: 1492K
[    1.082913] Write protecting the kernel read-only data: 14336k
[    1.084740] Freeing unused kernel memory: 1584K
[    1.085858] Freeing unused kernel memory: 52K
Loading, please wait...
starting version 229
[    1.098263] random: systemd-udevd: uninitialized urandom read (16 bytes read, 2 bits of entropy available)
[    1.098830] random: udevadm: uninitialized urandom read (16 bytes read, 2 bits of entropy available)
[    1.098857] random: udevadm: uninitialized urandom read (16 bytes read, 2 bits of entropy available)
[    1.105873] random: udevadm: uninitialized urandom read (16 bytes read, 2 bits of entropy available)
[    1.105912] random: udevadm: uninitialized urandom read (16 bytes read, 2 bits of entropy available)
[    1.106115] random: udevadm: uninitialized urandom read (16 bytes read, 2 bits of entropy available)
[    1.106179] random: udevadm: uninitialized urandom read (16 bytes read, 2 bits of entropy available)
[    1.106249] random: udevadm: uninitialized urandom read (16 bytes read, 2 bits of entropy available)
[    1.106315] random: udevadm: uninitialized urandom read (16 bytes read, 2 bits of entropy available)
[    1.106381] random: udevadm: uninitialized urandom read (16 bytes read, 2 bits of entropy available)
[    1.155295] e1000: Intel(R) PRO/1000 Network Driver - version 7.3.21-k8-NAPI
[    1.157541] e1000: Copyright (c) 1999-2006 Intel Corporation.
[    1.159807] Fusion MPT base driver 3.04.20
[    1.160999] Copyright (c) 1999-2008 LSI Corporation
[    1.181172] AVX2 version of gcm_enc/dec engaged.
[    1.182786] AES CTR mode by8 optimization enabled
[    1.190289] Fusion MPT SPI Host driver 3.04.20
[    1.379051] input: ImExPS/2 Generic Explorer Mouse as /devices/platform/i8042/serio1/input/input4
[    1.554478] e1000 0000:00:03.0 eth0: (PCI:33MHz:32-bit) 02:be:82:6b:cc:1d
[    1.556283] e1000 0000:00:03.0 eth0: Intel(R) PRO/1000 Network Connection
[    1.948861] e1000 0000:00:08.0 eth1: (PCI:33MHz:32-bit) 08:00:27:de:16:a2
[    1.950794] e1000 0000:00:08.0 eth1: Intel(R) PRO/1000 Network Connection
[    1.954513] e1000 0000:00:03.0 enp0s3: renamed from eth0
[    1.956508] mptbase: ioc0: Initiating bringup
[    1.966490] e1000 0000:00:08.0 enp0s8: renamed from eth1
[    2.563339] ioc0: LSI53C1030 A0: Capabilities={Initiator}
[    4.406643] scsi host2: ioc0: LSI53C1030 A0, FwRev=00000000h, Ports=1, MaxQ=256, IRQ=20
[    5.881374] scsi 2:0:0:0: Direct-Access     VBOX     HARDDISK         1.0  PQ: 0 ANSI: 5
[    5.884143] scsi target2:0:0: Beginning Domain Validation
[    5.887011] scsi target2:0:0: Domain Validation skipping write tests
[    5.888443] scsi target2:0:0: Ending Domain Validation
[    5.889732] scsi target2:0:0: asynchronous
[    5.891534] scsi 2:0:1:0: Direct-Access     VBOX     HARDDISK         1.0  PQ: 0 ANSI: 5
[    5.901092] scsi target2:0:1: Beginning Domain Validation
[    5.904753] scsi target2:0:1: Domain Validation skipping write tests
[    5.906523] scsi target2:0:1: Ending Domain Validation
[    5.908025] scsi target2:0:1: asynchronous
[    5.913392] sd 2:0:0:0: [sda] 83886080 512-byte logical blocks: (42.9 GB/40.0 GiB)
[    5.913541] sd 2:0:0:0: Attached scsi generic sg0 type 0
[    5.913793] sd 2:0:1:0: Attached scsi generic sg1 type 0
[    5.914469] sd 2:0:1:0: [sdb] 20480 512-byte logical blocks: (10.5 MB/10.0 MiB)
[    5.914862] sd 2:0:1:0: [sdb] Write Protect is off
[    5.914984] sd 2:0:1:0: [sdb] Incomplete mode parameter data
[    5.914985] sd 2:0:1:0: [sdb] Assuming drive cache: write through
[    5.917078] sd 2:0:1:0: [sdb] Attached SCSI disk
[    5.927395] sd 2:0:0:0: [sda] Write Protect is off
[    5.928965] sd 2:0:0:0: [sda] Incomplete mode parameter data
[    5.930619] sd 2:0:0:0: [sda] Assuming drive cache: write through
[    5.935768]  sda: sda1
[    5.937773] sd 2:0:0:0: [sda] Attached SCSI disk
Begin: Loading essential drivers ... [    7.225010] md: linear personality registered for level -1
[    7.228410] md: multipath personality registered for level -4
[    7.231710] md: raid0 personality registered for level 0
[    7.236104] md: raid1 personality registered for level 1
[    7.311757] raid6: sse2x1   gen() 12938 MB/s
[    7.378603] raid6: sse2x1   xor()  8715 MB/s
[    7.446094] raid6: sse2x2   gen() 14996 MB/s
[    7.514033] raid6: sse2x2   xor() 10077 MB/s
[    7.581934] raid6: sse2x4   gen() 16697 MB/s
[    7.651744] raid6: sse2x4   xor() 12096 MB/s
[    7.718033] raid6: avx2x1   gen() 22583 MB/s
[    7.791757] raid6: avx2x2   gen() 28341 MB/s
[    7.865268] raid6: avx2x4   gen() 33685 MB/s
[    7.866761] raid6: using algorithm avx2x4 gen() 33685 MB/s
[    7.868544] raid6: using avx2x2 recovery algorithm
[    7.871715] xor: automatically using best checksumming function:
[    7.910066]    avx       : 34247.000 MB/sec
[    7.912240] async_tx: api initialized (async)
[    7.920695] md: raid6 personality registered for level 6
[    7.922780] md: raid5 personality registered for level 5
[    7.924233] md: raid4 personality registered for level 4
[    7.930943] md: raid10 personality registered for level 10
done.
Begin: Running /scripts/init-premount ... done.
Begin: Mounting root file system ... Begin: Running /scripts/local-top ... done.
Begin: Running /scripts/local-premount ... [    7.959394] Btrfs loaded
Scanning for Btrfs filesystems
done.
Warning: fsck not present, so skipping root file system
[    7.984840] EXT4-fs (sda1): INFO: recovery required on readonly filesystem
[    7.986667] EXT4-fs (sda1): write access will be enabled during recovery
[    8.030931] EXT4-fs (sda1): recovery complete
[    8.032054] EXT4-fs (sda1): mounted filesystem with ordered data mode. Opts: (null)
done.
Begin: Running /scripts/local-bottom ... done.
Begin: Running /scripts/init-bottom ... done.
[    8.101618] systemd[1]: systemd 229 running in system mode. (+PAM +AUDIT +SELINUX +IMA +APPARMOR +SMACK +SYSVINIT +UTMP +LIBCRYPTSETUP +GCRYPT +GNUTLS +ACL +XZ -LZ4 +SECCOMP +BLKID +ELFUTILS +KMOD -IDN)
[    8.105406] systemd[1]: Detected virtualization oracle.
[    8.106551] systemd[1]: Detected architecture x86-64.

Welcome to [1mUbuntu 16.04.7 LTS[0m!

[    8.115110] systemd[1]: Set hostname to <ubuntu-xenial>.
[    8.235573] systemd[1]: Listening on udev Control Socket.
[[0;32m  OK  [0m] Listening on udev Control Socket.
[    8.238238] systemd[1]: Started Trigger resolvconf update for networkd DNS.
[[0;32m  OK  [0m] Started Trigger resolvconf update for networkd DNS.
[    8.247193] systemd[1]: Listening on LVM2 metadata daemon socket.
[[0;32m  OK  [0m] Listening on LVM2 metadata daemon socket.
[    8.252459] systemd[1]: Listening on Journal Audit Socket.
[[0;32m  OK  [0m] Listening on Journal Audit Socket.
[    8.255444] systemd[1]: Listening on udev Kernel Socket.
[[0;32m  OK  [0m] Listening on udev Kernel Socket.
[    8.263332] systemd[1]: Created slice System Slice.
[[0;32m  OK  [0m] Created slice System Slice.
[    8.266305] systemd[1]: Created slice system-serial\x2dgetty.slice.
[[0;32m  OK  [0m] Created slice system-serial\x2dgetty.slice.
[    8.274582] systemd[1]: Reached target User and Group Name Lookups.
[[0;32m  OK  [0m] Reached target User and Group Name Lookups.
[    8.277808] systemd[1]: Created slice User and Session Slice.
[[0;32m  OK  [0m] Created slice User and Session Slice.
[    8.280443] systemd[1]: Listening on Journal Socket (/dev/log).
[[0;32m  OK  [0m] Listening on Journal Socket (/dev/log).
[    8.282855] systemd[1]: Listening on LVM2 poll daemon socket.
[[0;32m  OK  [0m] Listening on LVM2 poll daemon socket.
[    8.285136] systemd[1]: Listening on Device-mapper event daemon FIFOs.
[[0;32m  OK  [0m] Listening on Device-mapper event daemon FIFOs.
[    8.288569] systemd[1]: Started Forward Password Requests to Wall Directory Watch.
[[0;32m  OK  [0m] Started Forward Password Requests to Wall Directory Watch.
[    8.291949] systemd[1]: Reached target Encrypted Volumes.
[[0;32m  OK  [0m] Reached target Encrypted Volumes.
[    8.294482] systemd[1]: Listening on /dev/initctl Compatibility Named Pipe.
[[0;32m  OK  [0m] Listening on /dev/initctl Compatibility Named Pipe.
[    8.298133] systemd[1]: Set up automount Arbitrary Executable File Formats File System Automount Point.
[[0;32m  OK  [0m] Set up automount Arbitrary Executab...ats File System Automount Point.
[    8.306745] systemd[1]: Reached target Slices.
[[0;32m  OK  [0m] Reached target Slices.
[    8.309801] systemd[1]: Listening on Syslog Socket.
[[0;32m  OK  [0m] Listening on Syslog Socket.
[    8.312124] systemd[1]: Listening on fsck to fsckd communication Socket.
[[0;32m  OK  [0m] Listening on fsck to fsckd communication Socket.
[    8.314696] systemd[1]: Reached target Swap.
[[0;32m  OK  [0m] Reached target Swap.
[    8.322640] systemd[1]: Reached target System Time Synchronized.
[[0;32m  OK  [0m] Reached target System Time Synchronized.
[    8.325254] systemd[1]: Listening on Journal Socket.
[[0;32m  OK  [0m] Listening on Journal Socket.
[    8.342472] systemd[1]: Mounting Debug File System...
         Mounting Debug File System...
[    8.351116] systemd[1]: Starting Uncomplicated firewall...
         Starting Uncomplicated firewall...
[    8.354825] systemd[1]: Starting Set console keymap...
         Starting Set console keymap...
[    8.361174] systemd[1]: Starting Load Kernel Modules...
         Starting Load Kernel Modules...
[    8.368464] systemd[1]: Mounting POSIX Message Queue File System...
         Mounting POSIX Message Queue File System...
[    8.374792] systemd[1]: Starting Create list of required static device nodes for the current kernel...
         Starting Create list of required st... nodes for the current kernel...
[    8.381859] Loading iSCSI transport class v2.0-870.
[    8.383418] systemd[1]: Starting Monitoring of LVM2 mirrors, snapshots etc. using dmeventd or progress polling...
         Starting Monitoring of LVM2 mirrors... dmeventd or progress polling...
[    8.388748] systemd[1]: Mounting Huge Pages File System...
         Mounting Huge Pages File System...
[    8.393632] systemd[1]: Starting File System Check on Root Device...
         Starting File System Check on Root Device...
[    8.397889] systemd[1]: Starting Nameserver information manager...
         Starting Nameserver information manager...
[    8.404744] systemd[1]: Starting Journal Service...
         Starting Journal Service...
[    8.412304] iscsi: registered transport (tcp)
[    8.415566] systemd[1]: Mounted Huge Pages File System.
[[0;32m  OK  [0m] Mounted Huge Pages File System.
[    8.418190] systemd[1]: Mounted POSIX Message Queue File System.
[[0;32m  OK  [0m] Mounted POSIX Message Queue File System.
[    8.426167] systemd[1]: Mounted Debug File System.
[[0;32m  OK  [0m] Mounted Debug File System.
[    8.428729] systemd[1]: Started Uncomplicated firewall.
[[0;32m  OK  [0m] Started Uncomplicated firewall.
[    8.432836] systemd[1]: Started Create list of required static device nodes for the current kernel.
[[0;32m  OK  [0m] Started Create list of required sta...ce nodes for the current kernel.
[    8.438165] systemd[1]: Started File System Check on Root Device.
[[0;32m  OK  [0m] Started File System Check on Root Device.
[    8.456901] iscsi: registered transport (iser)
[    8.462848] systemd[1]: Started Set console keymap.
[[0;32m  OK  [0m] Started Set console keymap.
[    8.465421] systemd[1]: Started Load Kernel Modules.
[[0;32m  OK  [0m] Started Load Kernel Modules.
[    8.476190] systemd[1]: Started Nameserver information manager.
[[0;32m  OK  [0m] Started Nameserver information manager.
[    8.482587] systemd[1]: Started Journal Service.
[[0;32m  OK  [0m] Started Journal Service.
[[0;32m  OK  [0m] Started File System Check Daemon to report status.
[[0;32m  OK  [0m] Started LVM2 metadata daemon.
         Mounting FUSE Control File System...
         Starting Apply Kernel Variables...
         Starting Remount Root and Kernel File Systems...
         Starting Create Static Device Nodes in /dev...
[[0;32m  OK  [0m] Mounted FUSE Control File System.
[    8.543896] EXT4-fs (sda1): re-mounted. Opts: (null)
[[0;32m  OK  [0m] Started Remount Root and Kernel File Systems.
         Starting Flush Journal to Persistent Storage...
         Starting udev Coldplug all Devices...
         Starting Load/Save Random Seed...
[[0;32m  OK  [0m] Started Apply Kernel Variables.
[[0;32m  OK  [0m] Started Create Static Device Nodes in /dev.
[[0;32m  OK  [0m] Started Load/Save Random Seed.
         Starting udev Kernel Device Manager...
[[0;32m  OK  [0m] Started udev Kernel Device Manager.
[[0;32m  OK  [0m] Started Flush Journal to Persistent Storage.
[[0;32m  OK  [0m] Started udev Coldplug all Devices.
[[0;32m  OK  [0m] Started Dispatch Password Requests to Console Directory Watch.
[[0;32m  OK  [0m] Found device /dev/ttyS0.
[[0;32m  OK  [0m] Found device 82540EM Gigabit Ethern...r (PRO/1000 MT Desktop Adapter).
[[0;32m  OK  [0m] Listening on Load/Save RF Kill Switch Status /dev/rfkill Watch.
[[0;32m  OK  [0m] Started Monitoring of LVM2 mirrors,...ng dmeventd or progress polling.
[[0;32m  OK  [0m] Reached target Local File Systems (Pre).
[[0;32m  OK  [0m] Reached target Local File Systems.
         Starting Set console font and keymap...
         Starting Tell Plymouth To Write Out Runtime Data...
         Starting Create Volatile Files and Directories...
         Starting LSB: AppArmor initialization...
         Starting Initial cloud-init job (pre-networking)...
[[0;32m  OK  [0m] Started Tell Plymouth To Write Out Runtime Data.
[[0;32m  OK  [0m] Started Create Volatile Files and Directories.
         Starting Update UTMP about System Boot/Shutdown...
[[0;32m  OK  [0m] Started Update UTMP about System Boot/Shutdown.
[[0;32m  OK  [0m] Started Set console font and keymap.
[[0;32m  OK  [0m] Created slice system-getty.slice.
[[0;32m  OK  [0m] Started LSB: AppArmor initialization.
         Starting Load AppArmor profiles managed internally by snapd...
[[0;32m  OK  [0m] Started Load AppArmor profiles managed internally by snapd.
[    9.856707] cloud-init[665]: Cloud-init v. 21.1-19-gbad84ad4-0ubuntu1~16.04.2 running 'init-local' at Fri, 11 Mar 2022 13:45:22 +0000. Up 9.66 seconds.
[[0;32m  OK  [0m] Started Initial cloud-init job (pre-networking).
[[0;32m  OK  [0m] Reached target Network (Pre).
[[0;32m  OK  [0m] Started ifup for enp0s3.
         Starting Raise network interfaces...
[[0;32m  OK  [0m] Started Raise network interfaces.
[[0;32m  OK  [0m] Reached target Network.
         Starting Initial cloud-init job (metadata service crawler)...
[   10.401340] cloud-init[988]: Cloud-init v. 21.1-19-gbad84ad4-0ubuntu1~16.04.2 running 'init' at Fri, 11 Mar 2022 13:45:22 +0000. Up 10.22 seconds.
[   10.403489] cloud-init[988]: ci-info: ++++++++++++++++++++++++++++++++++++++Net device info+++++++++++++++++++++++++++++++++++++++
[   10.405703] cloud-init[988]: ci-info: +--------+-------+----------------------------+---------------+--------+-------------------+
[   10.407715] cloud-init[988]: ci-info: | Device |   Up  |          Address           |      Mask     | Scope  |     Hw-Address    |
[   10.409910] cloud-init[988]: ci-info: +--------+-------+----------------------------+---------------+--------+-------------------+
[   10.411956] cloud-init[988]: ci-info: | enp0s3 |  True |         10.0.2.15          | 255.255.255.0 | global | 02:be:82:6b:cc:1d |
[   10.414000] cloud-init[988]: ci-info: | enp0s3 |  True | fe80::be:82ff:fe6b:cc1d/64 |       .       |  link  | 02:be:82:6b:cc:1d |
[   10.416797] cloud-init[988]: ci-info: | enp0s8 | False |             .              |       .       |   .    | 08:00:27:de:16:a2 |
[   10.418877] cloud-init[988]: ci-info: |   lo   |  True |         127.0.0.1          |   255.0.0.0   |  host  |         .         |
[   10.421306] cloud-init[988]: ci-info: |   lo   |  True |          ::1/128           |       .       |  host  |         .         |
[   10.423236] cloud-init[988]: ci-info: +--------+-------+----------------------------+---------------+--------+-------------------+
[   10.425279] cloud-init[988]: ci-info: +++++++++++++++++++++++++++Route IPv4 info++++++++++++++++++++++++++++
[   10.427137] cloud-init[988]: ci-info: +-------+-------------+----------+---------------+-----------+-------+
[   10.436954] cloud-init[988]: ci-info: | Route | Destination | Gateway  |    Genmask    | Interface | Flags |
[[0;32m  OK  [0m] Started Initial cloud-init job (metadata service crawler).
[[0;32m  OK  [0m] Reached target Cloud-config availability.
[[0;32m  OK  [0m] Reached target Network is Online.
[   10.442031] cloud-init[988]: ci-info: +-------+-------------+----------+---------------+-----------+-------+
[   10.452634] cloud-init[988]: ci-info: |   0   |   0.0.0.0   | 10.0.2.2 |    0.0.0.0    |   enp0s3  |   UG  |
         Starting iSCSI initiator daemon (iscsid)...
[[0;32m  OK  [0m] Reached target System Initialization.
[[0;32m  OK  [0m] Started Daily Cleanup of Temporary Directories.
[   10.464053] cloud-init[988]: ci-info: |   1   |   10.0.2.0  | 0.0.0.0  | 255.255.255.0 |   enp0s3  |   U   |
[   10.484848] cloud-init[988]: ci-info: +-------+-------------+----------+---------------+-----------+-------+
[[0;32m  OK  [0m] Started Ubuntu Advantage update messaging.
[[0;32m  OK  [0m] Listening on ACPID Listen Socket.
[[0;32m  OK  [0m] Listening on UUID daemon activation socket.
[   10.627586] cloud-init[988]: ci-info: +++++++++++++++++++Route IPv6 info+++++++++++++++++++
[   10.640818] cloud-init[988]: ci-info: +-------+-------------+---------+-----------+-------+
         Starting LXD - unix socket.
[[0;32m  OK  [0m] Started Daily apt download activities.
[[0;32m  OK  [0m] Started Daily apt upgrade and clean activities.
         Starting Socket activation for snappy daemon.
[   10.644890] cloud-init[988]: ci-info: | Route | Destination | Gateway | Interface | Flags |
[   10.813347] cloud-init[988]: ci-info: +-------+-------------+---------+-----------+-------+
[[0;32m  OK  [0m] Started Message of the Day.
[   10.815672] cloud-init[988]: ci-info: |   0   |  fe80::/64  |    ::   |   enp0s3  |   U   |
[   10.817445] cloud-init[988]: ci-info: |   3   |   ff00::/8  |    ::   |   enp0s3  |   U   |
[   10.818538] [[0;32m  OK  [0m] Started ACPI Events Check.
[cloud-init[0;32m  OK  [0m[988]: ] ci-info: +-------+-------------+---------+-----------+-------+Reached target Paths.

[[0;32m  OK  [0m] Reached target Timers.
[[0;32m  OK  [0m] Listening on D-Bus System Message Bus Socket.
[[0;32m  OK  [0m] Listening on LXD - unix socket.
[[0;32m  OK  [0m] Listening on Socket activation for snappy daemon.
[[0;32m  OK  [0m] Started iSCSI initiator daemon (iscsid).
         Starting Login to default iSCSI targets...
[[0;32m  OK  [0m] Reached target Sockets.
[[0;32m  OK  [0m] Reached target Basic System.
         Starting Accounts Service...
[[0;32m  OK  [0m] Started D-Bus System Message Bus.
         Starting LSB: MD monitoring daemon...
         Starting Virtualbox guest utils...
         Starting System Logging Service...
[[0;32m  OK  [0m] Started ACPI event daemon.
[[0;32m  OK  [0m] Started Deferred execution scheduler.
         Starting LSB: Record successful boot for GRUB...
[[0;32m  OK  [0m] Started Regular background program processing daemon.
         Starting Login Service...
[[0;32m  OK  [0m] Started FUSE filesystem for LXC.
         Starting Snap Daemon...
         Starting /etc/rc.local Compatibility...
         Starting OpenBSD Secure Shell server...
         Starting LXD - container startup/shutdown...
[[0;32m  OK  [0m] Started System Logging Service.
[[0;32m  OK  [0m] Started /etc/rc.local Compatibility.
[[0;32m  OK  [0m] Started Login to default iSCSI targets.
         Starting Authenticate and Authorize Users to Run Privileged Tasks...
[[0;32m  OK  [0m] Reached target Remote File Systems (Pre).
[[0;32m  OK  [0m] Reached target Remote File Systems.
         Starting LSB: Set the CPU Frequency Scaling governor to "ondemand"...
         Starting Permit User Sessions...
         Starting LSB: automatic crash report generation...
         Starting LSB: daemon to balance interrupts for SMP systems...
[[0;32m  OK  [0m] Started LSB: Record successful boot for GRUB.
[[0;32m  OK  [0m] Started Permit User Sessions.
[[0;32m  OK  [0m] Started Login Service.
[[0;32m  OK  [0m] Started Unattended Upgrades Shutdown.
         Starting Terminate Plymouth Boot Screen...
         Starting Hold until boot process finishes up...
[[0;32m  OK  [0m] Started LSB: MD monitoring daemon.
[[0;32m  OK  [0m] Started Hold until boot process finishes up.
[[0;32m  OK  [0m] Started Authenticate and Authorize Users to Run Privileged Tasks.
[[0;32m  OK  [0m] Started Accounts Service.
[[0;32m  OK  [0m] Started Terminate Plymouth Boot Screen.
[[0;32m  OK  [0m] Started OpenBSD Secure Shell server.
         Starting Set console scheme...
[[0;32m  OK  [0m] Started Getty on tty1.
[[0;32m  OK  [0m] Started Serial Getty on ttyS0.
[[0;32m  OK  [0m] Reached target Login Prompts.
[[0;32m  OK  [0m] Started LSB: Set the CPU Frequency Scaling governor to "ondemand".
[[0;32m  OK  [0m] Started LSB: daemon to balance interrupts for SMP systems.
[[0;32m  OK  [0m] Started Set console scheme.
[[0;32m  OK  [0m] Started LSB: automatic crash report generation.
[[0;32m  OK  [0m] Started Virtualbox guest utils.
[[0;32m  OK  [0m] Started LXD - container startup/shutdown.
[[0;32m  OK  [0m] Started Snap Daemon.
         Starting Wait until snapd is fully seeded...
[[0;32m  OK  [0m] Started Wait until snapd is fully seeded.
         Starting Apply the settings specified in cloud-config...
[[0;32m  OK  [0m] Reached target Multi-User System.
[[0;32m  OK  [0m] Reached target Graphical Interface.
         Starting Update UTMP about System Runlevel Changes...
[[0;32m  OK  [0m] Started Update UTMP about System Runlevel Changes.
[   11.571344] cloud-init[1245]: Cloud-init v. 21.1-19-gbad84ad4-0ubuntu1~16.04.2 running 'modules:config' at Fri, 11 Mar 2022 13:45:24 +0000. Up 11.50 seconds.
[[0;32m  OK  [0m] Started Apply the settings specified in cloud-config.
         Starting Execute cloud user/final scripts...
[   11.886009] cloud-init[1257]: Cloud-init v. 21.1-19-gbad84ad4-0ubuntu1~16.04.2 running 'modules:final' at Fri, 11 Mar 2022 13:45:24 +0000. Up 11.80 seconds.
[   11.892459] cloud-init[1257]: Cloud-init v. 21.1-19-gbad84ad4-0ubuntu1~16.04.2 finished at Fri, 11 Mar 2022 13:45:24 +0000. Datasource DataSourceNoCloud [seed=/dev/sdb][dsmode=net].  Up 11.88 seconds
[[0;32m  OK  [0m] Started Execute cloud user/final scripts.
[[0;32m  OK  [0m] Reached target Cloud-init target.

Ubuntu 16.04.7 LTS ubuntu-xenial ttyS0

ubuntu-xenial login: [[0;32m  OK  [0m] Stopped target Graphical Interface.
         Stopping Authenticate and Authorize Users to Run Privileged Tasks...
         Stopping Session 1 of user vagrant.
         Stopping User Manager for UID 1000...
[[0;32m  OK  [0m] Stopped target Timers.
[[0;32m  OK  [0m] Stopped Message of the Day.
[[0;32m  OK  [0m] Stopped Daily apt upgrade and clean activities.
         Stopping ACPI event daemon...
[[0;32m  OK  [0m] Stopped Daily Cleanup of Temporary Directories.
         Stopping Accounts Service...
[[0;32m  OK  [0m] Stopped target Cloud-init target.
[[0;32m  OK  [0m] Stopped Execute cloud user/final scripts.
[[0;32m  OK  [0m] Stopped target Multi-User System.
         Stopping LSB: automatic crash report generation...
         Stopping Virtualbox guest utils...
         Stopping FUSE filesystem for LXC...
         Stopping D-Bus System Message Bus...
         Stopping LSB: MD monitoring daemon...
         Stopping Regular background program processing daemon...
         Stopping LSB: Record successful boot for GRUB...
         Stopping OpenBSD Secure Shell server...
         Stopping LSB: daemon to balance interrupts for SMP systems...
         Stopping System Logging Service...
         Stopping LSB: Set the CPU Frequency Scaling governor to "ondemand"...
         Stopping LXD - container startup/shutdown...
[[0;32m  OK  [0m] Closed Load/Save RF Kill Switch Status /dev/rfkill Watch.
[[0;32m  OK  [0m] Stopped Ubuntu Advantage update messaging.
[[0;32m  OK  [0m] Stopped target Login Prompts.
         Stopping Getty on tty1...
         Stopping Serial Getty on ttyS0...
[[0;32m  OK  [0m] Stopped Apply the settings specified in clou[[0;32m  OK  [0m] Stopped target Cloud-config availability.
[[0;32m  OK  [0m] Stopped Wait until snapd is fully seeded.
         Stopping Deferred execution scheduler...
[[0;32m  OK  [0m] Stopped Daily apt download activities.
[[0;32m  OK  [0m] Stopped target System Time Synchronized.
[[0;32m  OK  [0m] Unmounted /var/lib/lxcfs.
[[0;32m  OK  [0m] Stopped Accounts Service.
[[0;32m  OK  [0m] Stopped System Logging Service.
[[0;32m  OK  [0m] Stopped Deferred execution scheduler.
[[0;32m  OK  [0m] Stopped Regular background program processing daemon.
[[0;32m  OK  [0m] Stopped OpenBSD Secure Shell server.
[[0;32m  OK  [0m] Stopped Authenticate and Authorize Users to Run Privileged Tasks.
[[0;32m  OK  [0m] Stopped Getty on tty1.
[[0;32m  OK  [0m] Stopped ACPI event daemon.
[[0;32m  OK  [0m] Stopped Serial Getty on ttyS0.
[[0;32m  OK  [0m] Stopped User Manager for UID 1000.
[[0;32m  OK  [0m] Stopped Session 1 of user vagrant.
[[0;32m  OK  [0m] Stopped D-Bus System Message Bus.
[[0;32m  OK  [0m] Stopped FUSE filesystem for LXC.
[[0;32m  OK  [0m] Stopped LSB: daemon to balance interrupts for SMP systems.
[[0;32m  OK  [0m] Stopped LXD - container startup/shutdown.
[[0;32m  OK  [0m] Stopped LSB: MD monitoring daemon.
[[0;32m  OK  [0m] Stopped LSB: Record successful boot for GRUB.
[[0;32m  OK  [0m] Stopped LSB: Set the CPU Frequency Scaling governor to "ondemand".
[[0;32m  OK  [0m] Stopped LSB: automatic crash report generation.
[[0;32m  OK  [0m] Removed slice User Slice of vagrant.
         Stopping Login Service...
[[0;32m  OK  [0m] Removed slice system-serial\x2dgetty.slice.
[[0;32m  OK  [0m] Removed slice system-getty.slice.
         Stopping Permit User Sessions...
[[0;32m  OK  [0m] Stopped /etc/rc.local Compatibility.
[[0;32m  OK  [0m] Stopped Virtualbox guest utils.
[[0;32m  OK  [0m] Stopped Permit User Sessions.
[[0;32m  OK  [0m] Stopped target Remote File Systems.
[[0;32m  OK  [0m] Stopped target Remote File Systems (Pre).
         Stopping Login to default iSCSI targets...
[[0;32m  OK  [0m] Stopped Login to default iSCSI targets.
         Stopping iSCSI initiator daemon (iscsid)...
[[0;32m  OK  [0m] Stopped iSCSI initiator daemon (iscsid).
[[0;32m  OK  [0m] Stopped target Network is Online.
[[0;32m  OK  [0m] Stopped target Network.
[[0;32m  OK  [0m] Stopped Login Service.
[[0;32m  OK  [0m] Stopped target Basic System.
[[0;32m  OK  [0m] Stopped target Sockets.
[[0;32m  OK  [0m] Closed UUID daemon activation socket.
[[0;32m  OK  [0m] Closed ACPID Listen Socket.
[[0;32m  OK  [0m] Closed LXD - unix socket.
[[0;32m  OK  [0m] Closed Socket activation for snappy daemon.
[[0;32m  OK  [0m] Closed Syslog Socket.
[[0;32m  OK  [0m] Stopped target Paths.
[[0;32m  OK  [0m] Stopped ACPI Events Check.
[[0;32m  OK  [0m] Stopped Dispatch Password Requests to Console Directory Watch.
[[0;32m  OK  [0m] Stopped Forward Password Requests to Wall Directory Watch.
[[0;32m  OK  [0m] Stopped target Slices.
[[0;32m  OK  [0m] Closed D-Bus System Message Bus Socket.
[[0;32m  OK  [0m] Stopped target System Initialization.
         Stopping Update UTMP about System Boot/Shutdown...
[[0;32m  OK  [0m] Stopped target Encrypted Volumes.
[[0;32m  OK  [0m] Stopped target Swap.
         Stopping Load/Save Random Seed...
[[0;32m  OK  [0m] Stopped Initial cloud-init job (metadata service crawler).
         Stopping Raise network interfaces...
[[0;32m  OK  [0m] Removed slice User and Session Slice.
[[0;32m  OK  [0m] Stopped target User and Group Name Lookups.
[[0;32m  OK  [0m] Stopped Load/Save Random Seed.
[[0;32m  OK  [0m] Stopped Update UTMP about System Boot/Shutdown.
[[0;32m  OK  [0m] Stopped Create Volatile Files and Directories.
[[0;32m  OK  [0m] Stopped Raise network interfaces.
[[0;32m  OK  [0m] Stopped target Local File Systems.
         Unmounting /run/user/1000...
[[0;32m  OK  [0m] Stopped Apply Kernel Variables.
[[0;32m  OK  [0m] Stopped Load Kernel Modules.
[[0;32m  OK  [0m] Stopped target Network (Pre).
[[0;32m  OK  [0m] Stopped Initial cloud-init job (pre-networking).
[[0;32m  OK  [0m] Unmounted /run/user/1000.
[[0;32m  OK  [0m] Reached target Unmount All Filesystems.
[[0;32m  OK  [0m] Stopped target Local File Systems (Pre).
         Stopping Monitoring of LVM2 mirrors... dmeventd or progress polling...
[[0;32m  OK  [0m] Stopped Create Static Device Nodes in /dev.
[[0;32m  OK  [0m] Stopped Remount Root and Kernel File Systems.
[[0;32m  OK  [0m] Reached target Shutdown.
[  151.857177] reboot: Restarting system
[    0.000000] Initializing cgroup subsys cpuset
[    0.000000] Initializing cgroup subsys cpu
[    0.000000] Initializing cgroup subsys cpuacct
[    0.000000] Linux version 4.4.0-210-generic (buildd@lgw01-amd64-009) (gcc version 5.4.0 20160609 (Ubuntu 5.4.0-6ubuntu1~16.04.12) ) #242-Ubuntu SMP Fri Apr 16 09:57:56 UTC 2021 (Ubuntu 4.4.0-210.242-generic 4.4.262)
[    0.000000] Command line: BOOT_IMAGE=/boot/vmlinuz-4.4.0-210-generic root=LABEL=cloudimg-rootfs ro console=tty1 console=ttyS0
[    0.000000] KERNEL supported cpus:
[    0.000000]   Intel GenuineIntel
[    0.000000]   AMD AuthenticAMD
[    0.000000]   Centaur CentaurHauls
[    0.000000] x86/fpu: xstate_offset[2]:  576, xstate_sizes[2]:  256
[    0.000000] x86/fpu: Supporting XSAVE feature 0x01: 'x87 floating point registers'
[    0.000000] x86/fpu: Supporting XSAVE feature 0x02: 'SSE registers'
[    0.000000] x86/fpu: Supporting XSAVE feature 0x04: 'AVX registers'
[    0.000000] x86/fpu: Enabled xstate features 0x7, context size is 832 bytes, using 'standard' format.
[    0.000000] e820: BIOS-provided physical RAM map:
[    0.000000] BIOS-e820: [mem 0x0000000000000000-0x000000000009fbff] usable
[    0.000000] BIOS-e820: [mem 0x000000000009fc00-0x000000000009ffff] reserved
[    0.000000] BIOS-e820: [mem 0x00000000000f0000-0x00000000000fffff] reserved
[    0.000000] BIOS-e820: [mem 0x0000000000100000-0x000000007ffeffff] usable
[    0.000000] BIOS-e820: [mem 0x000000007fff0000-0x000000007fffffff] ACPI data
[    0.000000] BIOS-e820: [mem 0x00000000fec00000-0x00000000fec00fff] reserved
[    0.000000] BIOS-e820: [mem 0x00000000fee00000-0x00000000fee00fff] reserved
[    0.000000] BIOS-e820: [mem 0x00000000fffc0000-0x00000000ffffffff] reserved
[    0.000000] NX (Execute Disable) protection: active
[    0.000000] SMBIOS 2.5 present.
[    0.000000] Hypervisor detected: KVM
[    0.000000] e820: last_pfn = 0x7fff0 max_arch_pfn = 0x400000000
[    0.000000] MTRR: Disabled
[    0.000000] x86/PAT: MTRRs disabled, skipping PAT initialization too.
[    0.000000] CPU MTRRs all blank - virtualized system.
[    0.000000] x86/PAT: Configuration [0-7]: WB  WT  UC- UC  WB  WT  UC- UC  
[    0.000000] found SMP MP-table at [mem 0x0009fff0-0x0009ffff] mapped at [ffff88000009fff0]
[    0.000000] Scanning 1 areas for low memory corruption
[    0.000000] RAMDISK: [mem 0x362dc000-0x37165fff]
[    0.000000] ACPI: Early table checksum verification disabled
[    0.000000] ACPI: RSDP 0x00000000000E0000 000024 (v02 VBOX  )
[    0.000000] ACPI: XSDT 0x000000007FFF0030 00003C (v01 VBOX   VBOXXSDT 00000001 ASL  00000061)
[    0.000000] ACPI: FACP 0x000000007FFF00F0 0000F4 (v04 VBOX   VBOXFACP 00000001 ASL  00000061)
[    0.000000] ACPI: DSDT 0x000000007FFF0470 002325 (v02 VBOX   VBOXBIOS 00000002 INTL 20120111)
[    0.000000] ACPI: FACS 0x000000007FFF0200 000040
[    0.000000] ACPI: FACS 0x000000007FFF0200 000040
[    0.000000] ACPI: APIC 0x000000007FFF0240 00005C (v02 VBOX   VBOXAPIC 00000001 ASL  00000061)
[    0.000000] ACPI: SSDT 0x000000007FFF02A0 0001CC (v01 VBOX   VBOXCPUT 00000002 INTL 20120111)
[    0.000000] No NUMA configuration found
[    0.000000] Faking a node at [mem 0x0000000000000000-0x000000007ffeffff]
[    0.000000] NODE_DATA(0) allocated [mem 0x7ffeb000-0x7ffeffff]
[    0.000000] kvm-clock: Using msrs 4b564d01 and 4b564d00
[    0.000000] kvm-clock: cpu 0, msr 0:7ffe3001, primary cpu clock
[    0.000000] kvm-clock: using sched offset of 3677210099 cycles
[    0.000000] clocksource: kvm-clock: mask: 0xffffffffffffffff max_cycles: 0x1cd42e4dffb, max_idle_ns: 881590591483 ns
[    0.000000] Zone ranges:
[    0.000000]   DMA      [mem 0x0000000000001000-0x0000000000ffffff]
[    0.000000]   DMA32    [mem 0x0000000001000000-0x000000007ffeffff]
[    0.000000]   Normal   empty
[    0.000000]   Device   empty
[    0.000000] Movable zone start for each node
[    0.000000] Early memory node ranges
[    0.000000]   node   0: [mem 0x0000000000001000-0x000000000009efff]
[    0.000000]   node   0: [mem 0x0000000000100000-0x000000007ffeffff]
[    0.000000] Initmem setup node 0 [mem 0x0000000000001000-0x000000007ffeffff]
[    0.000000] ACPI: PM-Timer IO Port: 0x4008
[    0.000000] IOAPIC[0]: apic_id 2, version 32, address 0xfec00000, GSI 0-23
[    0.000000] ACPI: INT_SRC_OVR (bus 0 bus_irq 0 global_irq 2 dfl dfl)
[    0.000000] ACPI: INT_SRC_OVR (bus 0 bus_irq 9 global_irq 9 low level)
[    0.000000] Using ACPI (MADT) for SMP configuration information
[    0.000000] smpboot: Allowing 2 CPUs, 0 hotplug CPUs
[    0.000000] PM: Registered nosave memory: [mem 0x00000000-0x00000fff]
[    0.000000] PM: Registered nosave memory: [mem 0x0009f000-0x0009ffff]
[    0.000000] PM: Registered nosave memory: [mem 0x000a0000-0x000effff]
[    0.000000] PM: Registered nosave memory: [mem 0x000f0000-0x000fffff]
[    0.000000] e820: [mem 0x80000000-0xfebfffff] available for PCI devices
[    0.000000] Booting paravirtualized kernel on KVM
[    0.000000] clocksource: refined-jiffies: mask: 0xffffffff max_cycles: 0xffffffff, max_idle_ns: 7645519600211568 ns
[    0.000000] setup_percpu: NR_CPUS:512 nr_cpumask_bits:512 nr_cpu_ids:2 nr_node_ids:1
[    0.000000] PERCPU: Embedded 33 pages/cpu @ffff88007fc00000 s95192 r8192 d31784 u1048576
[    0.000000] Built 1 zonelists in Node order, mobility grouping on.  Total pages: 515960
[    0.000000] Policy zone: DMA32
[    0.000000] Kernel command line: BOOT_IMAGE=/boot/vmlinuz-4.4.0-210-generic root=LABEL=cloudimg-rootfs ro console=tty1 console=ttyS0
[    0.000000] PID hash table entries: 4096 (order: 3, 32768 bytes)
[    0.000000] Memory: 2029984K/2096696K available (8644K kernel code, 1332K rwdata, 4044K rodata, 1492K init, 1164K bss, 66712K reserved, 0K cma-reserved)
[    0.000000] SLUB: HWalign=64, Order=0-3, MinObjects=0, CPUs=2, Nodes=1
[    0.000000] Kernel/User page tables isolation: enabled
[    0.000000] Hierarchical RCU implementation.
[    0.000000] 	Build-time adjustment of leaf fanout to 64.
[    0.000000] 	RCU restricting CPUs from NR_CPUS=512 to nr_cpu_ids=2.
[    0.000000] RCU: Adjusting geometry for rcu_fanout_leaf=64, nr_cpu_ids=2
[    0.000000] NR_IRQS:33024 nr_irqs:440 16
[    0.000000] Console: colour VGA+ 80x25
[    0.000000] console [tty1] enabled
[    0.000000] console [ttyS0] enabled
[    0.000000] tsc: Detected 2793.532 MHz processor
[    0.153990] Calibrating delay loop (skipped) preset value.. 5587.06 BogoMIPS (lpj=11174128)
[    0.156120] pid_max: default: 32768 minimum: 301
[    0.157117] ACPI: Core revision 20150930
[    0.158693] ACPI: 2 ACPI AML tables successfully acquired and loaded
[    0.160069] Security Framework initialized
[    0.160986] Yama: becoming mindful.
[    0.161828] AppArmor: AppArmor initialized
[    0.163541] Dentry cache hash table entries: 262144 (order: 9, 2097152 bytes)
[    0.166017] Inode-cache hash table entries: 131072 (order: 8, 1048576 bytes)
[    0.167936] Mount-cache hash table entries: 4096 (order: 3, 32768 bytes)
[    0.169342] Mountpoint-cache hash table entries: 4096 (order: 3, 32768 bytes)
[    0.170885] Initializing cgroup subsys io
[    0.171785] Initializing cgroup subsys memory
[    0.172739] Initializing cgroup subsys devices
[    0.173681] Initializing cgroup subsys freezer
[    0.174618] Initializing cgroup subsys net_cls
[    0.175558] Initializing cgroup subsys perf_event
[    0.176565] Initializing cgroup subsys net_prio
[    0.177576] Initializing cgroup subsys hugetlb
[    0.178514] Initializing cgroup subsys pids
[    0.185530] mce: CPU supports 0 MCE banks
[    0.186553] Last level iTLB entries: 4KB 1024, 2MB 1024, 4MB 1024
[    0.188654] Last level dTLB entries: 4KB 1024, 2MB 1024, 4MB 1024, 1GB 4
[    0.191188] Spectre V1 : Mitigation: usercopy/swapgs barriers and __user pointer sanitization
[    0.193262] Spectre V2 : Mitigation: Full generic retpoline
[    0.194491] Spectre V2 : Spectre v2 / SpectreRSB mitigation: Filling RSB on context switch
[    0.196652] Speculative Store Bypass: Vulnerable
[    0.198018] SRBDS: Unknown: Dependent on hypervisor status
[    0.199876] MDS: Mitigation: Clear CPU buffers
[    0.202963] Freeing SMP alternatives memory: 36K
[    0.209324] ftrace: allocating 32380 entries in 127 pages
[    0.258068] smpboot: APIC(0) Converting physical 0 to logical package 0
[    0.260008] smpboot: Max logical packages: 1
[    0.263012] x2apic enabled
[    0.263870] Switched APIC routing to physical x2apic.
[    0.266002] ..TIMER: vector=0x30 apic1=0 pin1=2 apic2=-1 pin2=-1
[    0.375491] smpboot: CPU0: Intel(R) Core(TM) i7-4980HQ CPU @ 2.80GHz (family: 0x6, model: 0x46, stepping: 0x1)
[    0.378030] Performance Events: unsupported p6 CPU model 70 no PMU driver, software events only.
[    0.387953] KVM setup paravirtual spinlock
[    0.389870] x86: Booting SMP configuration:
[    0.391108] .... node  #0, CPUs:      #1
[    0.392131] kvm-clock: cpu 1, msr 0:7ffe3041, secondary cpu clock
[    0.398946] mce: CPU supports 0 MCE banks
[    0.402012] x86: Booted up 1 node, 2 CPUs
[    0.403236] smpboot: Total of 2 processors activated (11174.12 BogoMIPS)
[    0.405597] devtmpfs: initialized
[    0.408380] evm: security.selinux
[    0.409819] evm: security.SMACK64
[    0.410663] evm: security.SMACK64EXEC
[    0.411899] evm: security.SMACK64TRANSMUTE
[    0.412913] evm: security.SMACK64MMAP
[    0.413720] evm: security.ima
[    0.414409] evm: security.capability
[    0.415433] clocksource: jiffies: mask: 0xffffffff max_cycles: 0xffffffff, max_idle_ns: 7645041785100000 ns
[    0.417569] futex hash table entries: 512 (order: 3, 32768 bytes)
[    0.419232] pinctrl core: initialized pinctrl subsystem
[    0.420674] RTC time: 13:47:48, date: 03/11/22
[    0.422145] NET: Registered protocol family 16
[    0.431647] cpuidle: using governor ladder
[    0.444453] cpuidle: using governor menu
[    0.446100] PCCT header not found.
[    0.447169] ACPI: bus type PCI registered
[    0.448568] acpiphp: ACPI Hot Plug PCI Controller Driver version: 0.5
[    0.450592] PCI: Using configuration type 1 for base access
[    0.464795] ACPI: Added _OSI(Module Device)
[    0.466672] ACPI: Added _OSI(Processor Device)
[    0.468306] ACPI: Added _OSI(3.0 _SCP Extensions)
[    0.469673] ACPI: Added _OSI(Processor Aggregator Device)
[    0.471983] ACPI: Executed 1 blocks of module-level executable AML code
[    0.475609] ACPI: Interpreter enabled
[    0.476624] ACPI: (supports S0 S5)
[    0.477924] ACPI: Using IOAPIC for interrupt routing
[    0.479311] PCI: Using host bridge windows from ACPI; if necessary, use "pci=nocrs" and report a bug
[    0.485021] ACPI: PCI Root Bridge [PCI0] (domain 0000 [bus 00-ff])
[    0.486554] acpi PNP0A03:00: _OSC: OS supports [ASPM ClockPM Segments MSI]
[    0.488867] acpi PNP0A03:00: _OSC: not requesting OS control; OS requires [ExtendedConfig ASPM ClockPM MSI]
[    0.491280] acpi PNP0A03:00: fail to add MMCONFIG information, can't access extended PCI configuration space under this bridge.
[    0.494566] PCI host bridge to bus 0000:00
[    0.495454] pci_bus 0000:00: root bus resource [io  0x0000-0x0cf7 window]
[    0.496852] pci_bus 0000:00: root bus resource [io  0x0d00-0xffff window]
[    0.498223] pci_bus 0000:00: root bus resource [mem 0x000a0000-0x000bffff window]
[    0.499918] pci_bus 0000:00: root bus resource [mem 0x80000000-0xfdffffff window]
[    0.501647] pci_bus 0000:00: root bus resource [bus 00-ff]
[    0.505275] pci 0000:00:01.1: legacy IDE quirk: reg 0x10: [io  0x01f0-0x01f7]
[    0.507572] pci 0000:00:01.1: legacy IDE quirk: reg 0x14: [io  0x03f6]
[    0.509217] pci 0000:00:01.1: legacy IDE quirk: reg 0x18: [io  0x0170-0x0177]
[    0.519201] pci 0000:00:01.1: legacy IDE quirk: reg 0x1c: [io  0x0376]
[    0.539225] pci 0000:00:07.0: quirk: [io  0x4000-0x403f] claimed by PIIX4 ACPI
[    0.541635] pci 0000:00:07.0: quirk: [io  0x4100-0x410f] claimed by PIIX4 SMB
[    0.554980] ACPI: PCI Interrupt Link [LNKA] (IRQs 5 9 10 *11)
[    0.557230] ACPI: PCI Interrupt Link [LNKB] (IRQs 5 9 *10 11)
[    0.559330] ACPI: PCI Interrupt Link [LNKC] (IRQs 5 *9 10 11)
[    0.560951] ACPI: PCI Interrupt Link [LNKD] (IRQs 5 9 10 *11)
[    0.562596] ACPI: Enabled 2 GPEs in block 00 to 07
[    0.563984] vgaarb: setting as boot device: PCI:0000:00:02.0
[    0.565431] vgaarb: device added: PCI:0000:00:02.0,decodes=io+mem,owns=io+mem,locks=none
[    0.567401] vgaarb: loaded
[    0.568122] vgaarb: bridge control possible 0000:00:02.0
[    0.569656] SCSI subsystem initialized
[    0.570941] ACPI: bus type USB registered
[    0.572315] usbcore: registered new interface driver usbfs
[    0.573869] usbcore: registered new interface driver hub
[    0.575267] usbcore: registered new device driver usb
[    0.576765] PCI: Using ACPI for IRQ routing
[    0.578513] NetLabel: Initializing
[    0.579374] NetLabel:  domain hash size = 128
[    0.580388] NetLabel:  protocols = UNLABELED CIPSOv4
[    0.581423] NetLabel:  unlabeled traffic allowed by default
[    0.582725] amd_nb: Cannot enumerate AMD northbridges
[    0.583908] clocksource: Switched to clocksource kvm-clock
[    0.589679] AppArmor: AppArmor Filesystem Enabled
[    0.591259] pnp: PnP ACPI init
[    0.593127] pnp: PnP ACPI: found 3 devices
[    0.601809] clocksource: acpi_pm: mask: 0xffffff max_cycles: 0xffffff, max_idle_ns: 2085701024 ns
[    0.604513] NET: Registered protocol family 2
[    0.605810] TCP established hash table entries: 16384 (order: 5, 131072 bytes)
[    0.608263] TCP bind hash table entries: 16384 (order: 6, 262144 bytes)
[    0.609902] TCP: Hash tables configured (established 16384 bind 16384)
[    0.612008] UDP hash table entries: 1024 (order: 3, 32768 bytes)
[    0.613439] UDP-Lite hash table entries: 1024 (order: 3, 32768 bytes)
[    0.614802] NET: Registered protocol family 1
[    0.615756] pci 0000:00:00.0: Limiting direct PCI/PCI transfers
[    0.617035] pci 0000:00:01.0: Activating ISA DMA hang workarounds
[    0.618401] Unpacking initramfs...
[    0.765561] Freeing initrd memory: 14888K
[    0.766917] clocksource: tsc: mask: 0xffffffffffffffff max_cycles: 0x284462ec54c, max_idle_ns: 440795344772 ns
[    0.769785] platform rtc_cmos: registered platform RTC device (no PNP device found)
[    0.772049] Scanning for low memory corruption every 60 seconds
[    0.774349] audit: initializing netlink subsys (disabled)
[    0.775535] audit: type=2000 audit(1647006473.777:1): initialized
[    0.777184] Initialise system trusted keyring
[    0.778541] HugeTLB registered 2 MB page size, pre-allocated 0 pages
[    0.781005] zbud: loaded
[    0.781949] VFS: Disk quotas dquot_6.6.0
[    0.782953] VFS: Dquot-cache hash table entries: 512 (order 0, 4096 bytes)
[    0.784827] squashfs: version 4.0 (2009/01/31) Phillip Lougher
[    0.786801] fuse init (API version 7.23)
[    0.787822] Key type big_key registered
[    0.788931] Allocating IMA MOK and blacklist keyrings.
[    0.792018] Key type asymmetric registered
[    0.793020] Asymmetric key parser 'x509' registered
[    0.794394] Block layer SCSI generic (bsg) driver version 0.4 loaded (major 249)
[    0.796169] io scheduler noop registered
[    0.797449] io scheduler deadline registered (default)
[    0.798564] io scheduler cfq registered
[    0.799511] pci_hotplug: PCI Hot Plug PCI Core version: 0.5
[    0.800719] pciehp: PCI Express Hot Plug Controller Driver version: 0.4
[    0.802399] ACPI: AC Adapter [AC] (on-line)
[    0.803389] input: Power Button as /devices/LNXSYSTM:00/LNXPWRBN:00/input/input0
[    0.805534] ACPI: Power Button [PWRF]
[    0.806563] input: Sleep Button as /devices/LNXSYSTM:00/LNXSLPBN:00/input/input1
[    0.808808] ACPI: Sleep Button [SLPF]
[    0.810081] GHES: HEST is not enabled!
[    0.811525] ACPI: Battery Slot [BAT0] (battery present)
[    0.812003] Serial: 8250/16550 driver, 32 ports, IRQ sharing enabled
[    0.833354] 00:02: ttyS0 at I/O 0x3f8 (irq = 4, base_baud = 115200) is a 16550A
[    0.835808] Linux agpgart interface v0.103
[    0.840210] loop: module loaded
[    0.841790] scsi host0: ata_piix
[    0.842839] scsi host1: ata_piix
[    0.843649] ata1: PATA max UDMA/33 cmd 0x1f0 ctl 0x3f6 bmdma 0xd000 irq 14
[    0.845214] ata2: PATA max UDMA/33 cmd 0x170 ctl 0x376 bmdma 0xd008 irq 15
[    0.847045] libphy: Fixed MDIO Bus: probed
[    0.848093] tun: Universal TUN/TAP device driver, 1.6
[    0.849169] tun: (C) 1999-2004 Max Krasnyansky <maxk@qualcomm.com>
[    0.850466] PPP generic driver version 2.4.2
[    0.851479] ehci_hcd: USB 2.0 'Enhanced' Host Controller (EHCI) Driver
[    0.853099] ehci-pci: EHCI PCI platform driver
[    0.854272] ehci-platform: EHCI generic platform driver
[    0.855522] ohci_hcd: USB 1.1 'Open' Host Controller (OHCI) Driver
[    0.856973] ohci-pci: OHCI PCI platform driver
[    0.858110] ohci-platform: OHCI generic platform driver
[    0.859302] uhci_hcd: USB Universal Host Controller Interface driver
[    0.861435] i8042: PNP: PS/2 Controller [PNP0303:PS2K,PNP0f03:PS2M] at 0x60,0x64 irq 1,12
[    0.864377] serio: i8042 KBD port at 0x60,0x64 irq 1
[    0.865726] serio: i8042 AUX port at 0x60,0x64 irq 12
[    0.867007] mousedev: PS/2 mouse device common for all mice
[    0.868824] input: AT Translated Set 2 keyboard as /devices/platform/i8042/serio0/input/input2
[    0.871205] rtc_cmos rtc_cmos: rtc core: registered rtc_cmos as rtc0
[    0.872988] rtc_cmos rtc_cmos: alarms up to one day, 114 bytes nvram
[    0.874751] i2c /dev entries driver
[    0.875830] device-mapper: uevent: version 1.0.3
[    0.877077] device-mapper: ioctl: 4.34.0-ioctl (2015-10-28) initialised: dm-devel@redhat.com
[    0.879322] ledtrig-cpu: registered to indicate activity on CPUs
[    0.881709] NET: Registered protocol family 10
[    0.882961] NET: Registered protocol family 17
[    0.883940] Key type dns_resolver registered
[    0.885117] registered taskstats version 1
[    0.886313] Loading compiled-in X.509 certificates
[    0.887910] Loaded X.509 cert 'Build time autogenerated kernel key: cf00e047681d67edb2720680708b7d9498083038'
[    0.890277] zswap: loaded using pool lzo/zbud
[    0.893423] Key type trusted registered
[    0.897371] Key type encrypted registered
[    0.898451] AppArmor: AppArmor sha1 policy hashing enabled
[    0.899759] ima: No TPM chip found, activating TPM-bypass!
[    0.901745] ima: Allocated hash algorithm: sha1
[    0.902785] evm: HMAC attrs: 0x1
[    0.903908]   Magic number: 14:421:786
[    0.904932] rtc_cmos rtc_cmos: setting system clock to 2022-03-11 13:47:48 UTC (1647006468)
[    0.906998] BIOS EDD facility v0.16 2004-Jun-25, 0 devices found
[    0.908802] EDD information not available.
[    1.025462] Freeing unused kernel memory: 1492K
[    1.026987] Write protecting the kernel read-only data: 14336k
[    1.029218] Freeing unused kernel memory: 1584K
[    1.030547] Freeing unused kernel memory: 52K
Loading, please wait...
starting version 229
[    1.043236] random: systemd-udevd: uninitialized urandom read (16 bytes read, 2 bits of entropy available)
[    1.043656] random: udevadm: uninitialized urandom read (16 bytes read, 2 bits of entropy available)
[    1.043673] random: udevadm: uninitialized urandom read (16 bytes read, 2 bits of entropy available)
[    1.050351] random: udevadm: uninitialized urandom read (16 bytes read, 2 bits of entropy available)
[    1.050386] random: udevadm: uninitialized urandom read (16 bytes read, 2 bits of entropy available)
[    1.050487] random: udevadm: uninitialized urandom read (16 bytes read, 2 bits of entropy available)
[    1.050528] random: udevadm: uninitialized urandom read (16 bytes read, 2 bits of entropy available)
[    1.050569] random: udevadm: uninitialized urandom read (16 bytes read, 2 bits of entropy available)
[    1.050607] random: udevadm: uninitialized urandom read (16 bytes read, 2 bits of entropy available)
[    1.050645] random: udevadm: uninitialized urandom read (16 bytes read, 2 bits of entropy available)
[    1.099663] Fusion MPT base driver 3.04.20
[    1.100860] Copyright (c) 1999-2008 LSI Corporation
[    1.107049] e1000: Intel(R) PRO/1000 Network Driver - version 7.3.21-k8-NAPI
[    1.109173] e1000: Copyright (c) 1999-2006 Intel Corporation.
[    1.115376] Fusion MPT SPI Host driver 3.04.20
[    1.122595] AVX2 version of gcm_enc/dec engaged.
[    1.125239] AES CTR mode by8 optimization enabled
[    1.307745] input: ImExPS/2 Generic Explorer Mouse as /devices/platform/i8042/serio1/input/input4
[    1.768547] e1000 0000:00:03.0 eth0: (PCI:33MHz:32-bit) 02:be:82:6b:cc:1d
[    1.770349] e1000 0000:00:03.0 eth0: Intel(R) PRO/1000 Network Connection
[    1.772712] mptbase: ioc0: Initiating bringup
[    2.767975] ioc0: LSI53C1030 A0: Capabilities={Initiator}
[    5.102646] scsi host2: ioc0: LSI53C1030 A0, FwRev=00000000h, Ports=1, MaxQ=256, IRQ=20
[    6.772415] scsi 2:0:0:0: Direct-Access     VBOX     HARDDISK         1.0  PQ: 0 ANSI: 5
[    6.774426] scsi target2:0:0: Beginning Domain Validation
[    6.777702] scsi target2:0:0: Domain Validation skipping write tests
[    6.779088] scsi target2:0:0: Ending Domain Validation
[    6.780603] scsi target2:0:0: asynchronous
[    6.782056] scsi 2:0:1:0: Direct-Access     VBOX     HARDDISK         1.0  PQ: 0 ANSI: 5
[    6.783946] scsi target2:0:1: Beginning Domain Validation
[    6.786637] scsi target2:0:1: Domain Validation skipping write tests
[    6.788055] scsi target2:0:1: Ending Domain Validation
[    6.797666] scsi target2:0:1: asynchronous
[    6.820727] sd 2:0:0:0: Attached scsi generic sg0 type 0
[    6.822634] sd 2:0:0:0: [sda] 83886080 512-byte logical blocks: (42.9 GB/40.0 GiB)
[    6.826475] sd 2:0:1:0: [sdb] 20480 512-byte logical blocks: (10.5 MB/10.0 MiB)
[    6.829830] sd 2:0:1:0: Attached scsi generic sg1 type 0
[    6.831525] sd 2:0:0:0: [sda] Write Protect is off
[    6.833643] sd 2:0:1:0: [sdb] Write Protect is off
[    6.835187] sd 2:0:0:0: [sda] Incomplete mode parameter data
[    6.837433] sd 2:0:0:0: [sda] Assuming drive cache: write through
[    6.838943] sd 2:0:1:0: [sdb] Incomplete mode parameter data
[    6.840412] sd 2:0:1:0: [sdb] Assuming drive cache: write through
[    6.846221]  sda: sda1
[    6.848481] sd 2:0:0:0: [sda] Attached SCSI disk
[    6.850050] sd 2:0:1:0: [sdb] Attached SCSI disk
[    7.542719] e1000 0000:00:08.0 eth1: (PCI:33MHz:32-bit) 08:00:27:de:16:a2
[    7.544596] e1000 0000:00:08.0 eth1: Intel(R) PRO/1000 Network Connection
[    7.546826] e1000 0000:00:08.0 enp0s8: renamed from eth1
[    7.560886] e1000 0000:00:03.0 enp0s3: renamed from eth0
Begin: Loading essential drivers ... [    8.840898] md: linear personality registered for level -1
[    8.844686] md: multipath personality registered for level -4
[    8.848325] md: raid0 personality registered for level 0
[    8.853814] md: raid1 personality registered for level 1
[    8.927595] raid6: sse2x1   gen() 12351 MB/s
[    9.003502] raid6: sse2x1   xor() 10280 MB/s
[    9.077126] raid6: sse2x2   gen() 16148 MB/s
[    9.144440] raid6: sse2x2   xor() 10062 MB/s
[    9.217169] raid6: sse2x4   gen() 18169 MB/s
[    9.287330] raid6: sse2x4   xor() 12283 MB/s
[    9.355984] raid6: avx2x1   gen() 22924 MB/s
[    9.423960] raid6: avx2x2   gen() 25527 MB/s
[    9.492725] raid6: avx2x4   gen() 30841 MB/s
[    9.494312] raid6: using algorithm avx2x4 gen() 30841 MB/s
[    9.495871] raid6: using avx2x2 recovery algorithm
[    9.498797] xor: automatically using best checksumming function:
[    9.540050]    avx       : 35310.000 MB/sec
[    9.542866] async_tx: api initialized (async)
[    9.551652] md: raid6 personality registered for level 6
[    9.553314] md: raid5 personality registered for level 5
[    9.554913] md: raid4 personality registered for level 4
[    9.561112] md: raid10 personality registered for level 10
done.
Begin: Running /scripts/init-premount ... done.
Begin: Mounting root file system ... Begin: Running /scripts/local-top ... done.
Begin: Running /scripts/local-premount ... [    9.588846] Btrfs loaded
Scanning for Btrfs filesystems
done.
Warning: fsck not present, so skipping root file system
[    9.616426] EXT4-fs (sda1): mounted filesystem with ordered data mode. Opts: (null)
done.
Begin: Running /scripts/local-bottom ... done.
Begin: Running /scripts/init-bottom ... done.
[    9.692152] systemd[1]: systemd 229 running in system mode. (+PAM +AUDIT +SELINUX +IMA +APPARMOR +SMACK +SYSVINIT +UTMP +LIBCRYPTSETUP +GCRYPT +GNUTLS +ACL +XZ -LZ4 +SECCOMP +BLKID +ELFUTILS +KMOD -IDN)
[    9.695806] systemd[1]: Detected virtualization oracle.
[    9.696961] systemd[1]: Detected architecture x86-64.

Welcome to [1mUbuntu 16.04.7 LTS[0m!

[    9.709108] systemd[1]: Set hostname to <ubuntu-xenial>.
[    9.832808] systemd[1]: Listening on udev Kernel Socket.
[[0;32m  OK  [0m] Listening on udev Kernel Socket.
[    9.835025] systemd[1]: Listening on Journal Socket (/dev/log).
[[0;32m  OK  [0m] Listening on Journal Socket (/dev/log).
[    9.837406] systemd[1]: Reached target System Time Synchronized.
[[0;32m  OK  [0m] Reached target System Time Synchronized.
[    9.839963] systemd[1]: Listening on fsck to fsckd communication Socket.
[[0;32m  OK  [0m] Listening on fsck to fsckd communication Socket.
[    9.842547] systemd[1]: Reached target Swap.
[[0;32m  OK  [0m] Reached target Swap.
[    9.845168] systemd[1]: Started Forward Password Requests to Wall Directory Watch.
[[0;32m  OK  [0m] Started Forward Password Requests to Wall Directory Watch.
[    9.848368] systemd[1]: Set up automount Arbitrary Executable File Formats File System Automount Point.
[[0;32m  OK  [0m] Set up automount Arbitrary Executab...ats File System Automount Point.
[    9.852255] systemd[1]: Created slice User and Session Slice.
[[0;32m  OK  [0m] Created slice User and Session Slice.
[    9.854864] systemd[1]: Listening on Journal Socket.
[[0;32m  OK  [0m] Listening on Journal Socket.
[    9.864987] systemd[1]: Listening on Syslog Socket.
[[0;32m  OK  [0m] Listening on Syslog Socket.
[    9.876467] systemd[1]: Started Trigger resolvconf update for networkd DNS.
[[0;32m  OK  [0m] Started Trigger resolvconf update for networkd DNS.
[    9.880740] systemd[1]: Listening on Journal Audit Socket.
[[0;32m  OK  [0m] Listening on Journal Audit Socket.
[    9.883304] systemd[1]: Reached target Encrypted Volumes.
[[0;32m  OK  [0m] Reached target Encrypted Volumes.
[    9.885778] systemd[1]: Created slice System Slice.
[[0;32m  OK  [0m] Created slice System Slice.
[    9.908460] systemd[1]: Starting Load Kernel Modules...
         Starting Load Kernel Modules...
[    9.917044] systemd[1]: Mounting POSIX Message Queue File System...
[    9.919013] Loading iSCSI transport class v2.0-870.
         Mounting POSIX Message Queue File System...
[    9.923511] systemd[1]: Starting Create list of required static device nodes for the current kernel...
         Starting Create list of required st... nodes for the current kernel...
[    9.930755] iscsi: registered transport (tcp)
[    9.932639] systemd[1]: Starting Journal Service...
         Starting Journal Service...
[    9.940854] systemd[1]: Starting Nameserver information manager...
         Starting Nameserver information manager...
[    9.943988] systemd[1]: Starting Set console keymap...
         Starting Set console keymap...
[    9.946527] systemd[1]: Reached target User and Group Name Lookups.
[[0;32m  OK  [0m] Reached target User and Group Name Lookups.
[    9.953538] systemd[1]: Mounting Huge Pages File System...
         Mounting Huge Pages File System...
[    9.956682] systemd[1]: Listening on /dev/initctl Compatibility Named Pipe.
[[0;32m  OK  [0m] Listening on /dev/initctl Compatibility Named Pipe.
[    9.961890] systemd[1]: Listening on Device-mapper event daemon FIFOs.
[[0;32m  OK  [0m] Listening on Device-mapper event daemon FIFOs.
[    9.966010] systemd[1]: Reached target Slices.
[[0;32m  OK  [0m] Reached target Slices.
[    9.968217] systemd[1]: Listening on LVM2 poll daemon socket.
[[0;32m  OK  [0m] Listening on LVM2 poll daemon socket.
[    9.976611] systemd[1]: Created slice system-serial\x2dgetty.slice.
[    9.978847] iscsi: registered transport (iser)
[[0;32m  OK  [0m] Created slice system-serial\x2dgetty.slice.
[   10.012954] systemd[1]: Starting File System Check on Root Device...
         Starting File System Check on Root Devi[   10.016927] systemd[1]: Starting Uncomplicated firewall...
ce...
         Startin[   10.018922] systemd[1]: Listening on udev Control Socket.
g Uncomplicated firewall...
[[0;32m  OK  [[   10.021052] systemd[1]: Listening on LVM2 metadata daemon socket.
0m] Listening on udev Control Socket.
[[0;32m  OK  [0m] Listening on LVM2 metadata daemon socket.
[   10.023469] systemd[1]: Starting Monitoring of LVM2 mirrors, snapshots etc. using dmeventd or progress polling...
         Starting Monitoring of LVM2 mirrors... dmeventd or progress polling...
[   10.036880] systemd[1]: Mounting Debug File System...
         Mounting Debug File System...
[   10.040215] systemd[1]: Mounted Huge Pages File System.
[[0;32m  OK  [0m] Mounted Huge Pages File System.
[   10.043243] systemd[1]: Mounted POSIX Message Queue File System.
[[0;32m  OK  [0m] Mounted POSIX Message Queue File System.
[   10.052734] systemd[1]: Mounted Debug File System.
[[0;32m  OK  [0m] Mounted Debug File System.
[   10.055543] systemd[1]: Started Journal Service.
[[0;32m  OK  [0m] Started Journal Service.
[[0;32m  OK  [0m] Started Load Kernel Modules.
[[0;32m  OK  [0m] Started Create list of required sta...ce nodes for the current kernel.
[[0;32m  OK  [0m] Started Set console keymap.
[[0;32m  OK  [0m] Started File System Check on Root Device.
[[0;32m  OK  [0m] Started Uncomplicated firewall.
[[0;32m  OK  [0m] Started Nameserver information manager.
[[0;32m  OK  [0m] Started LVM2 metadata daemon.
[[0;32m  OK  [0m] Started File System Check Daemon to report status.
         Starting Remount Root and Kernel File Systems...
         Starting Create Static Device Nodes in /dev...
         Starting Apply K[   10.110415] EXT4-fs (sda1): re-mounted. Opts: (null)
ernel Variables...
         Mounting FUSE Control File System...
[[0;32m  OK  [0m] Started Remount Root and Kernel File Systems.
[[0;32m  OK  [0m] Started Create Static Device Nodes in /dev.
[[0;32m  OK  [0m] Started Apply Kernel Variables.
[[0;32m  OK  [0m] Mounted FUSE Control File System.
         Starting udev Kernel Device Manager...
         Starting Load/Save Random Seed...
         Starting udev Coldplug all Devices...
         Starting Flush Journal to Persistent Storage...
[[0;32m  OK  [0m] Started udev Kernel Device Manager.
[[0;32m  OK  [0m] Started Load/Save Random Seed.
[[0;32m  OK  [0m] Started Flush Journal to Persistent Storage.
[[0;32m  OK  [0m] Started udev Coldplug all Devices.
[[0;32m  OK  [0m] Started Dispatch Password Requests to Console Directory Watch.
[[0;32m  OK  [0m] Found device /dev/ttyS0.
[[0;32m  OK  [0m] Listening on Load/Save RF Kill Switch Status /dev/rfkill Watch.
[[0;32m  OK  [0m] Found device 82540EM Gigabit Ethern...r (PRO/1000 MT Desktop Adapter).
[[0;32m  OK  [0m] Started Monitoring of LVM2 mirrors,...ng dmeventd or progress polling.
[[0;32m  OK  [0m] Reached target Local File Systems (Pre).
[[0;32m  OK  [0m] Reached target Local File Systems.
         Starting Create Volatile Files and Directories...
         Starting LSB: AppArmor initialization...
         Starting Tell Plymouth To Write Out Runtime Data...
         Starting Set console font and keymap...
         Starting Initial cloud-init job (pre-networking)...
[[0;32m  OK  [0m] Started Create Volatile Files and Directories.
[[0;32m  OK  [0m] Started Tell Plymouth To Write Out Runtime Data.
         Starting Update UTMP about System Boot/Shutdown...
[[0;32m  OK  [0m] Started Update UTMP about System Boot/Shutdown.
[[0;32m  OK  [0m] Started LSB: AppArmor initialization.
         Starting Load AppArmor profiles managed internally by snapd...
[[0;32m  OK  [0m] Started Set console font and keymap.
[[0;32m  OK  [0m] Started Load AppArmor profiles managed internally by snapd.
[[0;32m  OK  [0m] Created slice system-getty.slice.
[   11.348584] cloud-init[658]: Cloud-init v. 21.1-19-gbad84ad4-0ubuntu1~16.04.2 running 'init-local' at Fri, 11 Mar 2022 13:47:58 +0000. Up 11.16 seconds.
[[0;32m  OK  [0m] Started Initial cloud-init job (pre-networking).
[[0;32m  OK  [0m] Reached target Network (Pre).
         Starting Raise network interfaces...
[[0;32m  OK  [0m] Started ifup for enp0s3.
[[0;32m  OK  [0m] Started Raise network interfaces.
[[0;32m  OK  [0m] Reached target Network.
         Starting Initial cloud-init job (metadata service crawler)...
[   11.915495] cloud-init[993]: Cloud-init v. 21.1-19-gbad84ad4-0ubuntu1~16.04.2 running 'init' at Fri, 11 Mar 2022 13:47:59 +0000. Up 11.74 seconds.
[   11.917691] cloud-init[993]: ci-info: ++++++++++++++++++++++++++++++++++++++Net device info+++++++++++++++++++++++++++++++++++++++
[   11.919407] cloud-init[993]: ci-info: +--------+-------+----------------------------+---------------+--------+-------------------+
[   11.921129] cloud-init[993]: ci-info: | Device |   Up  |          Address           |      Mask     | Scope  |     Hw-Address    |
[   11.922962] cloud-init[993]: ci-info: +--------+-------+----------------------------+---------------+--------+-------------------+
[   11.924998] cloud-init[993]: ci-info: | enp0s3 |  True |         10.0.2.15          | 255.255.255.0 | global | 02:be:82:6b:cc:1d |
[   11.926916] cloud-init[993]: ci-info: | enp0s3 |  True | fe80::be:82ff:fe6b:cc1d/64 |       .       |  link  | 02:be:82:6b:cc:1d |
[   11.936443] cloud-init[993]: ci-info: | enp0s8 | False |             .              |       .       |   .    | 08:00:27:de:16:a2 |
[   11.938174] cloud-init[993]: ci-info: |   lo   |  True |         127.0.0.1          |   255.0.0.0   |  host  |         .         |
[   11.948396] cloud-init[993]: ci-info: |   lo   |  True |          ::1/128           |       .       |  host  |         .         |
[   11.950213] cloud-init[993]: ci-info: +--------+-------+----------------------------+---------------+--------+-------------------+
[   11.956368] cloud-init[993]: ci-info: +++++++++++++++++++++++++++Route IPv4 info++++++++++++++++++++++++++++
[   11.957842] cloud-init[993]: ci-info: +-------+-------------+----------+---------------+-----------+-------+
[   11.964545] cloud-init[993]: ci-info: | Route | Destination | Gateway  |    Genmask    | Interface | Flags |
[   11.966087] cloud-init[993]: ci-info: +-------+-------------+----------+---------------+-----------+-------+
[   11.977053] cloud-init[993]: ci-info: |   0   |   0.0.0.0   | 10.0.2.2 |    0.0.0.0    |   enp0s3  |   UG  |
[   11.977240] cloud-init[993]: [ci-info: |   1   |   10.0.2.0  | 0.0.0.0  | 255.255.255.0 |   enp0s3  |   U   |[0;32m  OK  [0m
] Started Initial cloud-init job (metadata service crawler).
[   11.977317] cloud-init[993]: ci-info: +-------+-------------+----------+---------------+-----------+-------+
[[0;32m  OK  [0m] Reached target Cloud-config availability.
[[   11.982056] cloud-init[993]: ci-info: +++++++++++++++++++Route IPv6 info+++++++++++++++++++
[   11.983637] cloud-init[993]: ci-info: +-------+-------------+---------+-----------+-------+
[   11.985247] cloud-init[993]: ci-info: | Route | Destination | Gateway | Interface | Flags |
[   11.986083] cloud-init[993]: ci-info: +-------+-------------+---------+-----------+-------+
[   11.987029] cloud-init[993]: ci-info: |   0   |  fe80::/64  |    ::   |   enp0s3  |   U   |
[   11.987094] cloud-init[993]: ci-info: |   3   |   ff00::/8  |    ::   |   enp0s3  |   U   |
[   11.987729] cloud-init[993]: ci-info: +-------+-------------+---------+-----------+-------+
[0;32m  OK  [0m] Reached target Network is Online.
         Starting iSCSI initiator daemon (iscsid)...
[[0;32m  OK  [0m] Reached target System Initialization.
[[0;32m  OK  [0m] Listening on ACPID Listen Socket.
[[0;32m  OK  [0m] Started Daily Cleanup of Temporary Directories.
[[0;32m  OK  [0m] Started Ubuntu Advantage update messaging.
[[0;32m  OK  [0m] Started Message of the Day.
[[0;32m  OK  [0m] Listening on D-Bus System Message Bus Socket.
         Starting Socket activation for snappy daemon.
[[0;32m  OK  [0m] Started Daily apt download activities.
[[0;32m  OK  [0m] Started Daily apt upgrade and clean activities.
[[0;32m  OK  [0m] Reached target Timers.
[[0;32m  OK  [0m] Listening on UUID daemon activation socket.
[[0;32m  OK  [0m] Started ACPI Events Check.
[[0;32m  OK  [0m] Reached target Paths.
         Starting LXD - unix socket.
[[0;32m  OK  [0m] Listening on Socket activation for snappy daemon.
[[0;32m  OK  [0m] Listening on LXD - unix socket.
[[0;32m  OK  [0m] Started iSCSI initiator daemon (iscsid).
         Starting Login to default iSCSI targets...
[[0;32m  OK  [0m] Reached target Sockets.
[[0;32m  OK  [0m] Reached target Basic System.
         Starting System Logging Service...
[[0;32m  OK  [0m] Started Deferred execution scheduler.
         Starting Login Service...
[[0;32m  OK  [0m] Started D-Bus System Message Bus.
         Starting Virtualbox guest utils...
         Starting LXD - container startup/shutdown...
[[0;32m  OK  [0m] Started FUSE filesystem for LXC.
         Starting LSB: Record successful boot for GRUB...
         Starting Snap Daemon...
[[0;32m  OK  [0m] Started Regular background program processing daemon.
         Starting /etc/rc.local Compatibility...
         Starting LSB: MD monitoring daemon...
         Starting OpenBSD Secure Shell server...
         Starting Accounts Service...
[[0;32m  OK  [0m] Started ACPI event daemon.
[[0;32m  OK  [0m] Started System Logging Service.
[[0;32m  OK  [0m] Started /etc/rc.local Compatibility.
[[0;32m  OK  [0m] Started Login Service.
[[0;32m  OK  [0m] Started Login to default iSCSI targets.
[[0;32m  OK  [0m] Started LSB: Record successful boot for GRUB.
[[0;32m  OK  [0m] Started LSB: MD monitoring daemon.
[[0;32m  OK  [0m] Started OpenBSD Secure Shell server.
[[0;32m  OK  [0m] Reached target Remote File Systems (Pre).
[[0;32m  OK  [0m] Reached target Remote File Systems.
         Starting LSB: daemon to balance interrupts for SMP systems...
         Starting LSB: Set the CPU Frequency Scaling governor to "ondemand"...
         Starting Permit User Sessions...
         Starting LSB: automatic crash report generation...
[[0;32m  OK  [0m] Started Unattended Upgrades Shutdown.
[[0;32m  OK  [0m] Started LXD - container startup/shutdown.
[[0;32m  OK  [0m] Started Permit User Sessions.
         Starting Authenticate and Authorize Users to Run Privileged Tasks...
         Starting Terminate Plymouth Boot Screen...
         Starting Hold until boot process finishes up...
[[0;32m  OK  [0m] Started Terminate Plymouth Boot Screen.
[[0;32m  OK  [0m] Started Hold until boot process finishes up.
         Starting Set console scheme...
[[0;32m  OK  [0m] Started Getty on tty1.
[[0;32m  OK  [0m] Started Serial Getty on ttyS0.
[[0;32m  OK  [0m] Reached target Login Prompts.
[[0;32m  OK  [0m] Started LSB: daemon to balance interrupts for SMP systems.
[[0;32m  OK  [0m] Started LSB: Set the CPU Frequency Scaling governor to "ondemand".
[[0;32m  OK  [0m] Started LSB: automatic crash report generation.
[[0;32m  OK  [0m] Started Set console scheme.
[[0;32m  OK  [0m] Started Authenticate and Authorize Users to Run Privileged Tasks.
[[0;32m  OK  [0m] Started Accounts Service.
[[0;32m  OK  [0m] Started Virtualbox guest utils.
[[0;32m  OK  [0m] Started Snap Daemon.
         Starting Wait until snapd is fully seeded...
[[0;32m  OK  [0m] Started Wait until snapd is fully seeded.
[[0;32m  OK  [0m] Reached target Multi-User System.
[[0;32m  OK  [0m] Reached target Graphical Interface.
         Starting Update UTMP about System Runlevel Changes...
         Starting Apply the settings specified in cloud-config...
[[0;32m  OK  [0m] Started Update UTMP about System Runlevel Changes.
[   12.695169] cloud-init[1238]: Cloud-init v. 21.1-19-gbad84ad4-0ubuntu1~16.04.2 running 'modules:config' at Fri, 11 Mar 2022 13:48:00 +0000. Up 12.62 seconds.
[[0;32m  OK  [0m] Started Apply the settings specified in cloud-config.
         Starting Execute cloud user/final scripts...
[   13.008314] cloud-init[1247]: Cloud-init v. 21.1-19-gbad84ad4-0ubuntu1~16.04.2 running 'modules:final' at Fri, 11 Mar 2022 13:48:00 +0000. Up 12.93 seconds.
[   13.010439] cloud-init[1247]: Cloud-init v. 21.1-19-gbad84ad4-0ubuntu1~16.04.2 finished at Fri, 11 Mar 2022 13:48:00 +0000. Datasource DataSourceNoCloud [seed=/dev/sdb][dsmode=net].  Up 13.00 seconds
[[0;32m  OK  [0m] Started Execute cloud user/final scripts.
[[0;32m  OK  [0m] Reached target Cloud-init target.

Ubuntu 16.04.7 LTS ubuntu-xenial ttyS0

ubuntu-xenial login: 